#
# There is insufficient memory for the Java Runtime Environment to continue.
# Native memory allocation (malloc) failed to allocate 893776 bytes for Chunk::new
# Possible reasons:
#   The system is out of physical RAM or swap space
#   The process is running with CompressedOops enabled, and the Java Heap may be blocking the growth of the native heap
# Possible solutions:
#   Reduce memory load on the system
#   Increase physical memory or swap space
#   Check if swap backing store is full
#   Decrease Java heap size (-Xmx/-Xms)
#   Decrease number of Java threads
#   Decrease Java thread stack sizes (-Xss)
#   Set larger code cache with -XX:ReservedCodeCacheSize=
#   JVM is running with Unscaled Compressed Oops mode in which the Java heap is
#     placed in the first 4GB address space. The Java Heap base address is the
#     maximum limit for the native heap growth. Please use -XX:HeapBaseMinAddress
#     to set the Java Heap base and to place the Java Heap above 4GB virtual address.
# This output file may be truncated or incomplete.
#
#  Out of Memory Error (allocation.cpp:389), pid=35236, tid=0x000000000000a2a4
#
# JRE version: OpenJDK Runtime Environment (8.0_242-b01) (build 1.8.0_242-release-1644-b01)
# Java VM: OpenJDK 64-Bit Server VM (25.242-b01 mixed mode windows-amd64 compressed oops)
# Failed to write core dump. Minidumps are not enabled by default on client versions of Windows
#

---------------  T H R E A D  ---------------

Current thread (0x0000000017c0e000):  JavaThread "C2 CompilerThread2" daemon [_thread_in_native, id=41636, stack(0x000000001a4e0000,0x000000001a5e0000)]

Stack: [0x000000001a4e0000,0x000000001a5e0000]
[error occurred during error reporting (printing stack bounds), id 0xc0000005]

Native frames: (J=compiled Java code, j=interpreted, Vv=VM code, C=native code)


Current CompileTask:
C2:  23952 9214       4       org.gradle.internal.snapshot.SnapshotUtil::getSnapshotFromChild (41 bytes)


---------------  P R O C E S S  ---------------

Java Threads: ( => current thread )
  0x000000001cdde800 JavaThread "Memory manager" [_thread_blocked, id=19720, stack(0x000000002eb40000,0x000000002ec40000)]
  0x000000001cde3800 JavaThread "Cache worker for execution history cache (C:\Users\Sergey\AndroidStudioProjects\baracuda\.gradle\6.5\executionHistory)" [_thread_blocked, id=41132, stack(0x000000002f040000,0x000000002f140000)]
  0x000000001cde1000 JavaThread "pool-1-thread-1" [_thread_blocked, id=31496, stack(0x000000002c670000,0x000000002c770000)]
  0x000000001cde0000 JavaThread "jar transforms Thread 113" [_thread_blocked, id=41680, stack(0x000000002c370000,0x000000002c470000)]
  0x000000001cdd7000 JavaThread "jar transforms Thread 112" [_thread_blocked, id=16572, stack(0x000000002c270000,0x000000002c370000)]
  0x000000001cdde000 JavaThread "jar transforms Thread 111" [_thread_blocked, id=1176, stack(0x000000002c170000,0x000000002c270000)]
  0x000000001cdd8000 JavaThread "jar transforms Thread 110" [_thread_blocked, id=40384, stack(0x000000002c070000,0x000000002c170000)]
  0x000000001cdd9800 JavaThread "jar transforms Thread 109" [_thread_blocked, id=18736, stack(0x000000002bf70000,0x000000002c070000)]
  0x000000001cddd000 JavaThread "jar transforms Thread 108" [_thread_blocked, id=38352, stack(0x000000002be70000,0x000000002bf70000)]
  0x000000001cdd8800 JavaThread "jar transforms Thread 107" [_thread_blocked, id=36356, stack(0x000000002bd70000,0x000000002be70000)]
  0x000000001cdda000 JavaThread "jar transforms Thread 106" [_thread_blocked, id=8884, stack(0x000000002bc70000,0x000000002bd70000)]
  0x000000001cddc800 JavaThread "jar transforms Thread 105" [_thread_blocked, id=36104, stack(0x000000002bb70000,0x000000002bc70000)]
  0x000000001cddb800 JavaThread "jar transforms Thread 104" [_thread_blocked, id=39660, stack(0x000000002ba70000,0x000000002bb70000)]
  0x000000001fd3e800 JavaThread "jar transforms Thread 103" [_thread_blocked, id=26076, stack(0x000000002b970000,0x000000002ba70000)]
  0x000000001fd3c000 JavaThread "jar transforms Thread 102" [_thread_blocked, id=37836, stack(0x000000002b870000,0x000000002b970000)]
  0x000000001fd3d800 JavaThread "jar transforms Thread 101" [_thread_blocked, id=17712, stack(0x000000002b770000,0x000000002b870000)]
  0x000000001fd42000 JavaThread "jar transforms Thread 100" [_thread_blocked, id=40248, stack(0x000000002b670000,0x000000002b770000)]
  0x000000001fd3d000 JavaThread "jar transforms Thread 99" [_thread_blocked, id=32544, stack(0x000000002b570000,0x000000002b670000)]
  0x000000001fd41800 JavaThread "jar transforms Thread 98" [_thread_blocked, id=38836, stack(0x000000002b470000,0x000000002b570000)]
  0x000000001fd40800 JavaThread "jar transforms Thread 97" [_thread_blocked, id=40800, stack(0x000000002b370000,0x000000002b470000)]
  0x000000001fd3b800 JavaThread "jar transforms Thread 96" [_thread_blocked, id=8524, stack(0x000000002b270000,0x000000002b370000)]
  0x000000001fd40000 JavaThread "jar transforms Thread 95" [_thread_blocked, id=36244, stack(0x000000002b170000,0x000000002b270000)]
  0x000000001fd3f000 JavaThread "jar transforms Thread 94" [_thread_blocked, id=35016, stack(0x000000002b070000,0x000000002b170000)]
  0x000000001fd34000 JavaThread "jar transforms Thread 93" [_thread_blocked, id=18268, stack(0x000000002af70000,0x000000002b070000)]
  0x000000001fd3a800 JavaThread "jar transforms Thread 92" [_thread_blocked, id=40956, stack(0x000000002ae70000,0x000000002af70000)]
  0x000000001fd33000 JavaThread "jar transforms Thread 91" [_thread_blocked, id=41380, stack(0x000000002ad70000,0x000000002ae70000)]
  0x000000001fd3a000 JavaThread "jar transforms Thread 90" [_thread_blocked, id=35420, stack(0x000000002ac70000,0x000000002ad70000)]
  0x000000001fd38800 JavaThread "jar transforms Thread 89" [_thread_blocked, id=30160, stack(0x000000002ab70000,0x000000002ac70000)]
  0x000000001fd37000 JavaThread "jar transforms Thread 88" [_thread_blocked, id=33180, stack(0x000000002aa70000,0x000000002ab70000)]
  0x000000001fd37800 JavaThread "jar transforms Thread 87" [_thread_blocked, id=40972, stack(0x000000002a970000,0x000000002aa70000)]
  0x000000001fd34800 JavaThread "jar transforms Thread 86" [_thread_blocked, id=38296, stack(0x000000002a870000,0x000000002a970000)]
  0x000000001fd39000 JavaThread "jar transforms Thread 85" [_thread_blocked, id=24492, stack(0x000000002a770000,0x000000002a870000)]
  0x000000001fd35800 JavaThread "jar transforms Thread 84" [_thread_blocked, id=33076, stack(0x000000002a670000,0x000000002a770000)]
  0x000000001fd36000 JavaThread "jar transforms Thread 83" [_thread_blocked, id=6248, stack(0x000000002a570000,0x000000002a670000)]
  0x0000000024f78000 JavaThread "jar transforms Thread 82" [_thread_blocked, id=40356, stack(0x000000002a470000,0x000000002a570000)]
  0x0000000024f77800 JavaThread "jar transforms Thread 81" [_thread_blocked, id=37468, stack(0x000000002a370000,0x000000002a470000)]
  0x0000000024f76000 JavaThread "jar transforms Thread 80" [_thread_blocked, id=31424, stack(0x000000002a270000,0x000000002a370000)]
  0x0000000024f75000 JavaThread "jar transforms Thread 79" [_thread_blocked, id=34636, stack(0x000000002a170000,0x000000002a270000)]
  0x0000000024f74800 JavaThread "jar transforms Thread 78" [_thread_blocked, id=7596, stack(0x000000002a070000,0x000000002a170000)]
  0x0000000024f79000 JavaThread "jar transforms Thread 77" [_thread_blocked, id=37852, stack(0x0000000029f70000,0x000000002a070000)]
  0x0000000024f73800 JavaThread "jar transforms Thread 76" [_thread_blocked, id=33288, stack(0x0000000029e70000,0x0000000029f70000)]
  0x0000000024f76800 JavaThread "jar transforms Thread 75" [_thread_blocked, id=27528, stack(0x0000000029d70000,0x0000000029e70000)]
  0x0000000024f6c000 JavaThread "jar transforms Thread 74" [_thread_blocked, id=31720, stack(0x0000000029c70000,0x0000000029d70000)]
  0x0000000024f6d000 JavaThread "jar transforms Thread 73" [_thread_blocked, id=38536, stack(0x0000000029b70000,0x0000000029c70000)]
  0x0000000024f73000 JavaThread "jar transforms Thread 72" [_thread_blocked, id=41120, stack(0x0000000029a70000,0x0000000029b70000)]
  0x0000000024f72000 JavaThread "jar transforms Thread 71" [_thread_blocked, id=11900, stack(0x0000000029970000,0x0000000029a70000)]
  0x0000000024f71800 JavaThread "jar transforms Thread 70" [_thread_blocked, id=35956, stack(0x0000000029870000,0x0000000029970000)]
  0x0000000024f6f000 JavaThread "jar transforms Thread 69" [_thread_blocked, id=3376, stack(0x0000000029770000,0x0000000029870000)]
  0x0000000024f6b800 JavaThread "jar transforms Thread 68" [_thread_blocked, id=34140, stack(0x0000000029670000,0x0000000029770000)]
  0x0000000024f70800 JavaThread "jar transforms Thread 67" [_thread_blocked, id=41724, stack(0x0000000029570000,0x0000000029670000)]
  0x0000000024f70000 JavaThread "jar transforms Thread 66" [_thread_blocked, id=23868, stack(0x0000000029470000,0x0000000029570000)]
  0x0000000024f6a000 JavaThread "jar transforms Thread 65" [_thread_blocked, id=27980, stack(0x0000000029370000,0x0000000029470000)]
  0x0000000024f6a800 JavaThread "jar transforms Thread 64" [_thread_blocked, id=16608, stack(0x0000000029270000,0x0000000029370000)]
  0x0000000024f6e800 JavaThread "jar transforms Thread 63" [_thread_blocked, id=38080, stack(0x0000000029170000,0x0000000029270000)]
  0x0000000024f6d800 JavaThread "jar transforms Thread 62" [_thread_blocked, id=29284, stack(0x0000000029070000,0x0000000029170000)]
  0x000000001f9be800 JavaThread "jar transforms Thread 61" [_thread_blocked, id=41000, stack(0x0000000028f70000,0x0000000029070000)]
  0x000000001f9be000 JavaThread "jar transforms Thread 60" [_thread_blocked, id=30360, stack(0x0000000028e70000,0x0000000028f70000)]
  0x000000001f9bd000 JavaThread "jar transforms Thread 59" [_thread_blocked, id=25220, stack(0x0000000028d70000,0x0000000028e70000)]
  0x000000001f9c1000 JavaThread "jar transforms Thread 58" [_thread_blocked, id=40280, stack(0x0000000028c70000,0x0000000028d70000)]
  0x000000001f9c2800 JavaThread "jar transforms Thread 57" [_thread_blocked, id=35800, stack(0x0000000028b70000,0x0000000028c70000)]
  0x000000001f9bc800 JavaThread "jar transforms Thread 56" [_thread_blocked, id=30924, stack(0x0000000028a70000,0x0000000028b70000)]
  0x000000001f9bf800 JavaThread "jar transforms Thread 55" [_thread_blocked, id=2532, stack(0x0000000028970000,0x0000000028a70000)]
  0x000000001f9c0000 JavaThread "jar transforms Thread 54" [_thread_blocked, id=37880, stack(0x0000000028870000,0x0000000028970000)]
  0x000000001f9c1800 JavaThread "jar transforms Thread 53" [_thread_blocked, id=34692, stack(0x0000000028770000,0x0000000028870000)]
  0x000000001f9b5000 JavaThread "jar transforms Thread 52" [_thread_blocked, id=36308, stack(0x0000000028670000,0x0000000028770000)]
  0x000000001f9bb800 JavaThread "jar transforms Thread 51" [_thread_blocked, id=28128, stack(0x0000000028570000,0x0000000028670000)]
  0x000000001f9b4000 JavaThread "jar transforms Thread 50" [_thread_blocked, id=31308, stack(0x0000000028470000,0x0000000028570000)]
  0x000000001f9b8800 JavaThread "jar transforms Thread 49" [_thread_blocked, id=35648, stack(0x0000000028370000,0x0000000028470000)]
  0x000000001f9bb000 JavaThread "jar transforms Thread 48" [_thread_blocked, id=27356, stack(0x0000000028270000,0x0000000028370000)]
  0x000000001f9b8000 JavaThread "jar transforms Thread 47" [_thread_blocked, id=41328, stack(0x0000000028170000,0x0000000028270000)]
  0x000000001f9b5800 JavaThread "jar transforms Thread 46" [_thread_blocked, id=32456, stack(0x0000000028070000,0x0000000028170000)]
  0x000000001f9b7000 JavaThread "jar transforms Thread 45" [_thread_blocked, id=38992, stack(0x0000000027f70000,0x0000000028070000)]
  0x000000001f9b9800 JavaThread "jar transforms Thread 44" [_thread_blocked, id=32624, stack(0x0000000027e70000,0x0000000027f70000)]
  0x000000001f9b3800 JavaThread "jar transforms Thread 43" [_thread_blocked, id=36988, stack(0x0000000027d70000,0x0000000027e70000)]
  0x000000001f9ba000 JavaThread "jar transforms Thread 42" [_thread_blocked, id=38840, stack(0x0000000027c70000,0x0000000027d70000)]
  0x000000001f9b6800 JavaThread "jar transforms Thread 41" [_thread_blocked, id=33464, stack(0x0000000027b70000,0x0000000027c70000)]
  0x000000001fef1800 JavaThread "jar transforms Thread 40" [_thread_blocked, id=34920, stack(0x0000000027a70000,0x0000000027b70000)]
  0x000000001fef2800 JavaThread "jar transforms Thread 39" [_thread_blocked, id=41860, stack(0x0000000027970000,0x0000000027a70000)]
  0x000000001fef6000 JavaThread "jar transforms Thread 38" [_thread_blocked, id=9756, stack(0x0000000027870000,0x0000000027970000)]
  0x000000001fef1000 JavaThread "jar transforms Thread 37" [_thread_blocked, id=39184, stack(0x0000000027770000,0x0000000027870000)]
  0x000000001fef5800 JavaThread "jar transforms Thread 36" [_thread_blocked, id=27884, stack(0x0000000027670000,0x0000000027770000)]
  0x000000001fef4800 JavaThread "jar transforms Thread 35" [_thread_blocked, id=34464, stack(0x0000000027570000,0x0000000027670000)]
  0x000000001fef3000 JavaThread "jar transforms Thread 34" [_thread_blocked, id=30000, stack(0x0000000027470000,0x0000000027570000)]
  0x000000001fef4000 JavaThread "jar transforms Thread 33" [_thread_blocked, id=35544, stack(0x0000000027370000,0x0000000027470000)]
  0x000000001feea000 JavaThread "jar transforms Thread 32" [_thread_blocked, id=35180, stack(0x0000000027270000,0x0000000027370000)]
  0x000000001fee9800 JavaThread "jar transforms Thread 31" [_thread_blocked, id=41040, stack(0x0000000027170000,0x0000000027270000)]
  0x000000001feef800 JavaThread "jar transforms Thread 30" [_thread_blocked, id=34728, stack(0x0000000027070000,0x0000000027170000)]
  0x000000001fef0000 JavaThread "jar transforms Thread 29" [_thread_blocked, id=37844, stack(0x0000000026f70000,0x0000000027070000)]
  0x000000001fee8000 JavaThread "jar transforms Thread 28" [_thread_blocked, id=34432, stack(0x0000000026e70000,0x0000000026f70000)]
  0x000000001feeb800 JavaThread "jar transforms Thread 27" [_thread_blocked, id=35592, stack(0x0000000026480000,0x0000000026580000)]
  0x000000001feee800 JavaThread "jar transforms Thread 26" [_thread_blocked, id=33300, stack(0x0000000025d20000,0x0000000025e20000)]
  0x000000001feee000 JavaThread "Build operations Thread 8" [_thread_blocked, id=36924, stack(0x0000000026d70000,0x0000000026e70000)]
  0x000000001feeb000 JavaThread "Build operations Thread 7" [_thread_blocked, id=35248, stack(0x0000000026c70000,0x0000000026d70000)]
  0x000000001feec800 JavaThread "Build operations Thread 6" [_thread_blocked, id=25504, stack(0x0000000026b70000,0x0000000026c70000)]
  0x000000001fee7000 JavaThread "Build operations Thread 5" [_thread_blocked, id=35948, stack(0x0000000026a70000,0x0000000026b70000)]
  0x000000001feed000 JavaThread "Build operations Thread 4" [_thread_blocked, id=20244, stack(0x0000000026970000,0x0000000026a70000)]
  0x000000001fee8800 JavaThread "Build operations Thread 3" [_thread_blocked, id=25592, stack(0x0000000026870000,0x0000000026970000)]
  0x000000001abec000 JavaThread "Build operations Thread 2" [_thread_blocked, id=30012, stack(0x0000000026770000,0x0000000026870000)]
  0x000000001abec800 JavaThread "Build operations" [_thread_blocked, id=7756, stack(0x0000000026670000,0x0000000026770000)]
  0x000000001abf2800 JavaThread "Cache worker for Build Output Cleanup Cache (C:\Users\Sergey\AndroidStudioProjects\baracuda\.gradle\buildOutputCleanup)" [_thread_blocked, id=18724, stack(0x00000000235b0000,0x00000000236b0000)]
  0x000000001abef000 JavaThread "Cache worker for file content cache (C:\Users\Sergey\.gradle\caches\6.5\fileContent)" [_thread_blocked, id=37540, stack(0x00000000234b0000,0x00000000235b0000)]
  0x000000001abed800 JavaThread "Cache worker for execution history cache (C:\Users\Sergey\.gradle\caches\6.5\executionHistory)" [_thread_blocked, id=37240, stack(0x0000000022fb0000,0x00000000230b0000)]
  0x000000001ab90800 JavaThread "Cache worker for cache directory md-rule (C:\Users\Sergey\.gradle\caches\6.5\md-rule)" [_thread_blocked, id=39956, stack(0x0000000022cb0000,0x0000000022db0000)]
  0x000000001ab8f000 JavaThread "Cache worker for cache directory md-supplier (C:\Users\Sergey\.gradle\caches\6.5\md-supplier)" [_thread_blocked, id=40140, stack(0x0000000022bb0000,0x0000000022cb0000)]
  0x000000001ab8e800 JavaThread "Cache worker for checksums cache (C:\Users\Sergey\AndroidStudioProjects\baracuda\.gradle\checksums)" [_thread_blocked, id=40820, stack(0x0000000022ab0000,0x0000000022bb0000)]
  0x000000001ab90000 JavaThread "jar transforms Thread 25" [_thread_blocked, id=39788, stack(0x00000000227b0000,0x00000000228b0000)]
  0x000000001ab8d800 JavaThread "jar transforms Thread 24" [_thread_blocked, id=1396, stack(0x00000000226b0000,0x00000000227b0000)]
  0x000000001ab8d000 JavaThread "jar transforms Thread 23" [_thread_blocked, id=11336, stack(0x00000000225b0000,0x00000000226b0000)]
  0x000000001ab85800 JavaThread "jar transforms Thread 22" [_thread_blocked, id=26060, stack(0x00000000224b0000,0x00000000225b0000)]
  0x000000001ab8c000 JavaThread "jar transforms Thread 21" [_thread_blocked, id=26340, stack(0x00000000223b0000,0x00000000224b0000)]
  0x000000001ab8a800 JavaThread "jar transforms Thread 20" [_thread_blocked, id=24628, stack(0x00000000222b0000,0x00000000223b0000)]
  0x000000001ab8b800 JavaThread "jar transforms Thread 19" [_thread_blocked, id=39212, stack(0x00000000221b0000,0x00000000222b0000)]
  0x000000001ab8a000 JavaThread "jar transforms Thread 18" [_thread_blocked, id=25548, stack(0x00000000220b0000,0x00000000221b0000)]
  0x000000001ab82000 JavaThread "jar transforms Thread 17" [_thread_blocked, id=34360, stack(0x0000000021fb0000,0x00000000220b0000)]
  0x000000001ab89000 JavaThread "jar transforms Thread 16" [_thread_blocked, id=40556, stack(0x0000000021eb0000,0x0000000021fb0000)]
  0x000000001ab86000 JavaThread "jar transforms Thread 15" [_thread_blocked, id=19304, stack(0x0000000021db0000,0x0000000021eb0000)]
  0x000000001ab84800 JavaThread "jar transforms Thread 14" [_thread_blocked, id=37728, stack(0x0000000021bb0000,0x0000000021cb0000)]
  0x000000001ab84000 JavaThread "jar transforms Thread 13" [_thread_blocked, id=41740, stack(0x0000000021ab0000,0x0000000021bb0000)]
  0x000000001ab83000 JavaThread "jar transforms Thread 12" [_thread_blocked, id=32820, stack(0x00000000219b0000,0x0000000021ab0000)]
  0x000000001ab81800 JavaThread "jar transforms Thread 11" [_thread_blocked, id=38860, stack(0x00000000218b0000,0x00000000219b0000)]
  0x000000001ab87800 JavaThread "jar transforms Thread 10" [_thread_blocked, id=39452, stack(0x00000000217b0000,0x00000000218b0000)]
  0x000000001ab88800 JavaThread "jar transforms Thread 9" [_thread_blocked, id=39836, stack(0x00000000216b0000,0x00000000217b0000)]
  0x000000001ab87000 JavaThread "jar transforms Thread 8" [_thread_blocked, id=39984, stack(0x00000000215b0000,0x00000000216b0000)]
  0x000000001c4f0800 JavaThread "jar transforms Thread 7" [_thread_blocked, id=39520, stack(0x00000000214b0000,0x00000000215b0000)]
  0x000000001c4ef800 JavaThread "jar transforms Thread 6" [_thread_blocked, id=14884, stack(0x00000000213b0000,0x00000000214b0000)]
  0x000000001c4f6800 JavaThread "jar transforms Thread 5" [_thread_blocked, id=36584, stack(0x00000000212b0000,0x00000000213b0000)]
  0x000000001c4f5800 JavaThread "jar transforms Thread 4" [_thread_blocked, id=39384, stack(0x00000000211b0000,0x00000000212b0000)]
  0x000000001c4f1000 JavaThread "jar transforms Thread 3" [_thread_blocked, id=39548, stack(0x00000000210b0000,0x00000000211b0000)]
  0x000000001c4f2000 JavaThread "jar transforms Thread 2" [_thread_blocked, id=41252, stack(0x0000000020fb0000,0x00000000210b0000)]
  0x000000001c4f2800 JavaThread "jar transforms" [_thread_blocked, id=41384, stack(0x0000000020eb0000,0x0000000020fb0000)]
  0x000000001c4f3800 JavaThread "Cache worker for file hash cache (C:\Users\Sergey\AndroidStudioProjects\baracuda\.gradle\6.5\fileHashes)" [_thread_blocked, id=40756, stack(0x0000000020db0000,0x0000000020eb0000)]
  0x000000001c4f5000 JavaThread "Cache worker for file hash cache (C:\Users\Sergey\.gradle\caches\6.5\fileHashes)" [_thread_blocked, id=38584, stack(0x000000001e910000,0x000000001ea10000)]
  0x000000001c4f4000 JavaThread "File lock request listener" [_thread_in_native, id=37384, stack(0x000000001e810000,0x000000001e910000)]
  0x000000001c4f8000 JavaThread "Cache worker for journal cache (C:\Users\Sergey\.gradle\caches\journal-1)" [_thread_blocked, id=32644, stack(0x000000001e710000,0x000000001e810000)]
  0x000000001c2c1800 JavaThread "Thread-9" [_thread_blocked, id=36476, stack(0x000000001e410000,0x000000001e510000)]
  0x000000001c406000 JavaThread "Stdin handler" [_thread_blocked, id=38796, stack(0x000000001e310000,0x000000001e410000)]
  0x000000001c405000 JavaThread "Asynchronous log dispatcher for DefaultDaemonConnection: socket connection from /127.0.0.1:54024 to /127.0.0.1:54025" [_thread_blocked, id=30952, stack(0x000000001e210000,0x000000001e310000)]
  0x000000001c402000 JavaThread "Daemon worker" [_thread_in_Java, id=4320, stack(0x000000001e110000,0x000000001e210000)]
  0x000000001c407800 JavaThread "Cancel handler" [_thread_blocked, id=28468, stack(0x000000001e010000,0x000000001e110000)]
  0x000000001aaf1000 JavaThread "Handler for socket connection from /127.0.0.1:54024 to /127.0.0.1:54025" [_thread_in_native, id=37984, stack(0x000000001df10000,0x000000001e010000)]
  0x000000001beef800 JavaThread "Daemon" [_thread_blocked, id=41716, stack(0x000000001de10000,0x000000001df10000)]
  0x000000001be1e800 JavaThread "Daemon periodic checks" [_thread_blocked, id=35020, stack(0x000000001db10000,0x000000001dc10000)]
  0x000000001c21a000 JavaThread "Incoming local TCP Connector on port 54024" [_thread_in_native, id=38524, stack(0x000000001d8c0000,0x000000001d9c0000)]
  0x000000001aa01800 JavaThread "Daemon health stats" [_thread_blocked, id=41460, stack(0x000000001d280000,0x000000001d380000)]
  0x0000000019a94000 JavaThread "Service Thread" daemon [_thread_blocked, id=20660, stack(0x000000001a6e0000,0x000000001a7e0000)]
  0x0000000019a15800 JavaThread "C1 CompilerThread3" daemon [_thread_in_native, id=35200, stack(0x000000001a5e0000,0x000000001a6e0000)]
=>0x0000000017c0e000 JavaThread "C2 CompilerThread2" daemon [_thread_in_native, id=41636, stack(0x000000001a4e0000,0x000000001a5e0000)]
  0x0000000017c0a000 JavaThread "C2 CompilerThread1" daemon [_thread_in_native, id=13068, stack(0x000000001a3e0000,0x000000001a4e0000)]
  0x0000000019a06000 JavaThread "C2 CompilerThread0" daemon [_thread_in_native, id=35716, stack(0x000000001a2e0000,0x000000001a3e0000)]
  0x0000000019a04800 JavaThread "Attach Listener" daemon [_thread_blocked, id=38760, stack(0x000000001a1e0000,0x000000001a2e0000)]
  0x0000000019a03800 JavaThread "Signal Dispatcher" daemon [_thread_blocked, id=38456, stack(0x000000001a0e0000,0x000000001a1e0000)]
  0x0000000002b8d800 JavaThread "Finalizer" daemon [_thread_blocked, id=35088, stack(0x0000000019ed0000,0x0000000019fd0000)]
  0x0000000017bfc800 JavaThread "Reference Handler" daemon [_thread_blocked, id=25364, stack(0x0000000019dd0000,0x0000000019ed0000)]
  0x000000000298d800 JavaThread "main" [_thread_blocked, id=27408, stack(0x0000000002990000,0x0000000002a90000)]

Other Threads:
  0x0000000017bf7800 VMThread [stack: 0x00000000198d0000,0x00000000199d0000] [id=29828]
  0x0000000019a95000 WatcherThread [stack: 0x000000001a7e0000,0x000000001a8e0000] [id=28392]

VM state:not at safepoint (normal execution)

VM Mutex/Monitor currently owned by a thread: None

heap address: 0x0000000080000000, size: 2048 MB, Compressed Oops mode: 32-bit
Narrow klass base: 0x0000000000000000, Narrow klass shift: 3
Compressed class space size: 1073741824 Address: 0x0000000100000000

Heap:
 PSYoungGen      total 257024K, used 102284K [0x00000000d5580000, 0x00000000e6880000, 0x0000000100000000)
  eden space 236544K, 35% used [0x00000000d5580000,0x00000000da81bb50,0x00000000e3c80000)
  from space 20480K, 86% used [0x00000000e5400000,0x00000000e6547508,0x00000000e6800000)
  to   space 22528K, 0% used [0x00000000e3c80000,0x00000000e3c80000,0x00000000e5280000)
 ParOldGen       total 119296K, used 45205K [0x0000000080000000, 0x0000000087480000, 0x00000000d5580000)
  object space 119296K, 37% used [0x0000000080000000,0x0000000082c25520,0x0000000087480000)
 Metaspace       used 83596K, capacity 87994K, committed 88152K, reserved 1126400K
  class space    used 11345K, capacity 12144K, committed 12160K, reserved 1048576K

Card table byte_map: [0x0000000011f50000,0x0000000012360000] byte_map_base: 0x0000000011b50000

Marking Bits: (ParMarkBitMap*) 0x000000005522f030
 Begin Bits: [0x0000000012e10000, 0x0000000014e10000)
 End Bits:   [0x0000000014e10000, 0x0000000016e10000)

Polling page: 0x0000000000c70000

CodeCache: size=245760Kb used=27166Kb max_used=27166Kb free=218593Kb
 bounds [0x0000000002b90000, 0x0000000004640000, 0x0000000011b90000]
 total_blobs=9148 nmethods=8264 adapters=796
 compilation: enabled

Compilation events (10 events):
Event: 23.945 Thread 0x0000000019a15800 nmethod 9316 0x000000000461abd0 code [0x000000000461ad40, 0x000000000461af68]
Event: 23.945 Thread 0x0000000019a15800 9317       3       org.gradle.api.internal.artifacts.ivyservice.resolveengine.result.ComponentSelectionReasonSerializer::writeDescriptionText (8 bytes)
Event: 23.945 Thread 0x0000000019a15800 nmethod 9317 0x000000000461b010 code [0x000000000461b180, 0x000000000461b3a8]
Event: 23.945 Thread 0x0000000019a15800 9319       1       org.gradle.api.internal.artifacts.ivyservice.resolveengine.result.DefaultComponentSelectionDescriptor::getDescribable (5 bytes)
Event: 23.945 Thread 0x0000000019a15800 nmethod 9319 0x000000000461b490 code [0x000000000461b5e0, 0x000000000461b6f0]
Event: 23.945 Thread 0x0000000019a15800 9320       3       org.gradle.api.internal.artifacts.type.DefaultArtifactTypeRegistry::applyForExtension (45 bytes)
Event: 23.946 Thread 0x0000000019a15800 nmethod 9320 0x000000000461b750 code [0x000000000461b900, 0x000000000461bfd8]
Event: 23.946 Thread 0x0000000019a15800 9322       3       org.gradle.api.internal.artifacts.type.DefaultArtifactTypeRegistry::mapAttributesFor (220 bytes)
Event: 23.949 Thread 0x0000000019a15800 nmethod 9322 0x000000000461c1d0 code [0x000000000461c540, 0x000000000461e578]
Event: 23.949 Thread 0x0000000019a15800 9327       3       com.google.common.collect.CompactHashMap::init (88 bytes)

GC Heap History (10 events):
Event: 12.591 GC heap before
{Heap before GC invocations=13 (full 2):
 PSYoungGen      total 165376K, used 164914K [0x00000000d5580000, 0x00000000e0980000, 0x0000000100000000)
  eden space 153088K, 100% used [0x00000000d5580000,0x00000000deb00000,0x00000000deb00000)
  from space 12288K, 96% used [0x00000000df880000,0x00000000e040ca88,0x00000000e0480000)
  to   space 13824K, 0% used [0x00000000deb00000,0x00000000deb00000,0x00000000df880000)
 ParOldGen       total 79360K, used 18644K [0x0000000080000000, 0x0000000084d80000, 0x00000000d5580000)
  object space 79360K, 23% used [0x0000000080000000,0x0000000081235018,0x0000000084d80000)
 Metaspace       used 51042K, capacity 53288K, committed 53592K, reserved 1095680K
  class space    used 6773K, capacity 7234K, committed 7296K, reserved 1048576K
Event: 12.627 GC heap after
Heap after GC invocations=13 (full 2):
 PSYoungGen      total 166912K, used 13812K [0x00000000d5580000, 0x00000000e3980000, 0x0000000100000000)
  eden space 153088K, 0% used [0x00000000d5580000,0x00000000d5580000,0x00000000deb00000)
  from space 13824K, 99% used [0x00000000deb00000,0x00000000df87d320,0x00000000df880000)
  to   space 17920K, 0% used [0x00000000e2800000,0x00000000e2800000,0x00000000e3980000)
 ParOldGen       total 79360K, used 25575K [0x0000000080000000, 0x0000000084d80000, 0x00000000d5580000)
  object space 79360K, 32% used [0x0000000080000000,0x00000000818f9c28,0x0000000084d80000)
 Metaspace       used 51042K, capacity 53288K, committed 53592K, reserved 1095680K
  class space    used 6773K, capacity 7234K, committed 7296K, reserved 1048576K
}
Event: 14.391 GC heap before
{Heap before GC invocations=14 (full 2):
 PSYoungGen      total 166912K, used 66625K [0x00000000d5580000, 0x00000000e3980000, 0x0000000100000000)
  eden space 153088K, 34% used [0x00000000d5580000,0x00000000d89133c8,0x00000000deb00000)
  from space 13824K, 99% used [0x00000000deb00000,0x00000000df87d320,0x00000000df880000)
  to   space 17920K, 0% used [0x00000000e2800000,0x00000000e2800000,0x00000000e3980000)
 ParOldGen       total 79360K, used 25575K [0x0000000080000000, 0x0000000084d80000, 0x00000000d5580000)
  object space 79360K, 32% used [0x0000000080000000,0x00000000818f9c28,0x0000000084d80000)
 Metaspace       used 56681K, capacity 58956K, committed 59028K, reserved 1099776K
  class space    used 7441K, capacity 7904K, committed 7936K, reserved 1048576K
Event: 14.413 GC heap after
Heap after GC invocations=14 (full 2):
 PSYoungGen      total 211456K, used 6741K [0x00000000d5580000, 0x00000000e3700000, 0x0000000100000000)
  eden space 196096K, 0% used [0x00000000d5580000,0x00000000d5580000,0x00000000e1500000)
  from space 15360K, 43% used [0x00000000e2800000,0x00000000e2e95600,0x00000000e3700000)
  to   space 17408K, 0% used [0x00000000e1500000,0x00000000e1500000,0x00000000e2600000)
 ParOldGen       total 79360K, used 39181K [0x0000000080000000, 0x0000000084d80000, 0x00000000d5580000)
  object space 79360K, 49% used [0x0000000080000000,0x00000000826434e0,0x0000000084d80000)
 Metaspace       used 56681K, capacity 58956K, committed 59028K, reserved 1099776K
  class space    used 7441K, capacity 7904K, committed 7936K, reserved 1048576K
}
Event: 14.413 GC heap before
{Heap before GC invocations=15 (full 3):
 PSYoungGen      total 211456K, used 6741K [0x00000000d5580000, 0x00000000e3700000, 0x0000000100000000)
  eden space 196096K, 0% used [0x00000000d5580000,0x00000000d5580000,0x00000000e1500000)
  from space 15360K, 43% used [0x00000000e2800000,0x00000000e2e95600,0x00000000e3700000)
  to   space 17408K, 0% used [0x00000000e1500000,0x00000000e1500000,0x00000000e2600000)
 ParOldGen       total 79360K, used 39181K [0x0000000080000000, 0x0000000084d80000, 0x00000000d5580000)
  object space 79360K, 49% used [0x0000000080000000,0x00000000826434e0,0x0000000084d80000)
 Metaspace       used 56681K, capacity 58956K, committed 59028K, reserved 1099776K
  class space    used 7441K, capacity 7904K, committed 7936K, reserved 1048576K
Event: 14.651 GC heap after
Heap after GC invocations=15 (full 3):
 PSYoungGen      total 211456K, used 0K [0x00000000d5580000, 0x00000000e3700000, 0x0000000100000000)
  eden space 196096K, 0% used [0x00000000d5580000,0x00000000d5580000,0x00000000e1500000)
  from space 15360K, 0% used [0x00000000e2800000,0x00000000e2800000,0x00000000e3700000)
  to   space 17408K, 0% used [0x00000000e1500000,0x00000000e1500000,0x00000000e2600000)
 ParOldGen       total 119296K, used 32259K [0x0000000080000000, 0x0000000087480000, 0x00000000d5580000)
  object space 119296K, 27% used [0x0000000080000000,0x0000000081f80c80,0x0000000087480000)
 Metaspace       used 56581K, capacity 58684K, committed 59028K, reserved 1099776K
  class space    used 7413K, capacity 7862K, committed 7936K, reserved 1048576K
}
Event: 18.719 GC heap before
{Heap before GC invocations=16 (full 3):
 PSYoungGen      total 211456K, used 196096K [0x00000000d5580000, 0x00000000e3700000, 0x0000000100000000)
  eden space 196096K, 100% used [0x00000000d5580000,0x00000000e1500000,0x00000000e1500000)
  from space 15360K, 0% used [0x00000000e2800000,0x00000000e2800000,0x00000000e3700000)
  to   space 17408K, 0% used [0x00000000e1500000,0x00000000e1500000,0x00000000e2600000)
 ParOldGen       total 119296K, used 32259K [0x0000000080000000, 0x0000000087480000, 0x00000000d5580000)
  object space 119296K, 27% used [0x0000000080000000,0x0000000081f80c80,0x0000000087480000)
 Metaspace       used 67782K, capacity 70664K, committed 70872K, reserved 1110016K
  class space    used 9110K, capacity 9700K, committed 9728K, reserved 1048576K
Event: 18.752 GC heap after
Heap after GC invocations=16 (full 3):
 PSYoungGen      total 213504K, used 17388K [0x00000000d5580000, 0x00000000e6800000, 0x0000000100000000)
  eden space 196096K, 0% used [0x00000000d5580000,0x00000000d5580000,0x00000000e1500000)
  from space 17408K, 99% used [0x00000000e1500000,0x00000000e25fb180,0x00000000e2600000)
  to   space 20480K, 0% used [0x00000000e5400000,0x00000000e5400000,0x00000000e6800000)
 ParOldGen       total 119296K, used 34154K [0x0000000080000000, 0x0000000087480000, 0x00000000d5580000)
  object space 119296K, 28% used [0x0000000080000000,0x000000008215a958,0x0000000087480000)
 Metaspace       used 67782K, capacity 70664K, committed 70872K, reserved 1110016K
  class space    used 9110K, capacity 9700K, committed 9728K, reserved 1048576K
}
Event: 22.915 GC heap before
{Heap before GC invocations=17 (full 3):
 PSYoungGen      total 213504K, used 213484K [0x00000000d5580000, 0x00000000e6800000, 0x0000000100000000)
  eden space 196096K, 100% used [0x00000000d5580000,0x00000000e1500000,0x00000000e1500000)
  from space 17408K, 99% used [0x00000000e1500000,0x00000000e25fb180,0x00000000e2600000)
  to   space 20480K, 0% used [0x00000000e5400000,0x00000000e5400000,0x00000000e6800000)
 ParOldGen       total 119296K, used 34154K [0x0000000080000000, 0x0000000087480000, 0x00000000d5580000)
  object space 119296K, 28% used [0x0000000080000000,0x000000008215a958,0x0000000087480000)
 Metaspace       used 79477K, capacity 83822K, committed 84056K, reserved 1122304K
  class space    used 10836K, capacity 11648K, committed 11648K, reserved 1048576K
Event: 22.943 GC heap after
Heap after GC invocations=17 (full 3):
 PSYoungGen      total 257024K, used 17693K [0x00000000d5580000, 0x00000000e6880000, 0x0000000100000000)
  eden space 236544K, 0% used [0x00000000d5580000,0x00000000d5580000,0x00000000e3c80000)
  from space 20480K, 86% used [0x00000000e5400000,0x00000000e6547508,0x00000000e6800000)
  to   space 22528K, 0% used [0x00000000e3c80000,0x00000000e3c80000,0x00000000e5280000)
 ParOldGen       total 119296K, used 45205K [0x0000000080000000, 0x0000000087480000, 0x00000000d5580000)
  object space 119296K, 37% used [0x0000000080000000,0x0000000082c25520,0x0000000087480000)
 Metaspace       used 79477K, capacity 83822K, committed 84056K, reserved 1122304K
  class space    used 10836K, capacity 11648K, committed 11648K, reserved 1048576K
}

Deoptimization events (10 events):
Event: 22.753 Thread 0x000000001c402000 Uncommon trap: reason=unstable_if action=reinterpret pc=0x00000000042049f4 method=java.util.regex.Matcher.find()Z @ 10
Event: 22.765 Thread 0x000000001c402000 Uncommon trap: reason=unstable_if action=reinterpret pc=0x00000000038d1198 method=java.lang.CharacterDataLatin1.digit(II)I @ 31
Event: 22.790 Thread 0x000000001c402000 Uncommon trap: reason=unstable_if action=reinterpret pc=0x00000000041bcaa0 method=java.lang.CharacterDataLatin1.digit(II)I @ 82
Event: 22.813 Thread 0x000000001c402000 Uncommon trap: reason=unstable_if action=reinterpret pc=0x0000000003c72d2c method=com.google.gson.stream.JsonReader.doPeek()I @ 315
Event: 22.822 Thread 0x000000001c402000 Uncommon trap: reason=array_check action=maybe_recompile pc=0x00000000043cddc0 method=com.google.common.collect.ImmutableSet.construct(I[Ljava/lang/Object;)Lcom/google/common/collect/ImmutableSet; @ 122
Event: 22.822 Thread 0x000000001c402000 Uncommon trap: reason=array_check action=maybe_recompile pc=0x00000000043cddc0 method=com.google.common.collect.ImmutableSet.construct(I[Ljava/lang/Object;)Lcom/google/common/collect/ImmutableSet; @ 122
Event: 23.421 Thread 0x000000001c402000 Uncommon trap: reason=unstable_if action=reinterpret pc=0x0000000004478ec8 method=kotlin.reflect.jvm.internal.impl.protobuf.CodedInputStream.readRawVarint32()I @ 10
Event: 23.761 Thread 0x000000001c402000 Uncommon trap: reason=bimorphic action=maybe_recompile pc=0x000000000356b204 method=java.util.Objects.equals(Ljava/lang/Object;Ljava/lang/Object;)Z @ 11
Event: 23.766 Thread 0x000000001c402000 Uncommon trap: reason=null_check action=make_not_entrant pc=0x000000000356b228 method=java.util.Objects.equals(Ljava/lang/Object;Ljava/lang/Object;)Z @ 11
Event: 23.854 Thread 0x000000001c402000 Uncommon trap: reason=array_check action=maybe_recompile pc=0x00000000043cddc0 method=com.google.common.collect.ImmutableSet.construct(I[Ljava/lang/Object;)Lcom/google/common/collect/ImmutableSet; @ 122

Classes redefined (0 events):
No events

Internal exceptions (10 events):
Event: 22.041 Thread 0x000000001fee7000 Exception <a 'java/lang/NoSuchMethodError': java.lang.Object.lambda$flatMap$2(Ljava/util/function/Function;Ljava/lang/Object;)Lorg/gradle/internal/Try;> (0x00000000de151098) thrown at [C:\src\AOSP-openjdk-git\hotspot\src\share\vm\interpreter\linkResolver.
Event: 22.041 Thread 0x000000001feeb000 Exception <a 'java/lang/NoSuchMethodError': java.lang.Object.lambda$flatMap$2(Ljava/util/function/Function;Ljava/lang/Object;)Lorg/gradle/internal/Try;> (0x00000000de0c30d0) thrown at [C:\src\AOSP-openjdk-git\hotspot\src\share\vm\interpreter\linkResolver.
Event: 22.041 Thread 0x000000001abec000 Exception <a 'java/lang/NoSuchMethodError': java.lang.Object.lambda$flatMap$2(Ljava/util/function/Function;Ljava/lang/Object;)Lorg/gradle/internal/Try;> (0x00000000de0e0568) thrown at [C:\src\AOSP-openjdk-git\hotspot\src\share\vm\interpreter\linkResolver.
Event: 22.041 Thread 0x000000001fee8800 Exception <a 'java/lang/NoSuchMethodError': java.lang.Object.lambda$flatMap$2(Ljava/util/function/Function;Ljava/lang/Object;)Lorg/gradle/internal/Try;> (0x00000000de0fd2b8) thrown at [C:\src\AOSP-openjdk-git\hotspot\src\share\vm\interpreter\linkResolver.
Event: 22.285 Thread 0x000000001c402000 Exception <a 'sun/nio/fs/WindowsException'> (0x00000000dd2c3e98) thrown at [C:\src\AOSP-openjdk-git\hotspot\src\share\vm\prims\jni.cpp, line 710]
Event: 22.365 Thread 0x000000001c402000 Exception <a 'java/lang/ClassNotFoundException': com/sun/org/glassfish/hk2/osgiresourcelocator/ServiceLoader> (0x00000000df31c050) thrown at [C:\src\AOSP-openjdk-git\hotspot\src\share\vm\classfile\systemDictionary.cpp, line 210]
Event: 22.451 Thread 0x000000001c402000 Exception <a 'java/lang/NullPointerException'> (0x00000000df874fd0) thrown at [C:\src\AOSP-openjdk-git\hotspot\src\share\vm\interpreter\linkResolver.cpp, line 1287]
Event: 22.826 Thread 0x000000001c402000 Exception <a 'java/lang/NoSuchMethodError': java.lang.Object.lambda$flatMap$0(Ljava/lang/Throwable;)Lorg/gradle/api/internal/artifacts/transform/CacheableInvocation;> (0x00000000e0ee31f8) thrown at [C:\src\AOSP-openjdk-git\hotspot\src\share\vm\interpreter
Event: 23.766 Thread 0x000000001c402000 Implicit null exception at 0x000000000356b0fc to 0x000000000356b219
Event: 23.895 Thread 0x000000001cdde800 Exception <a 'java/lang/NoSuchMethodError': java.lang.Object.lambda$comparingInt$7b0bb60$1(Ljava/util/function/ToIntFunction;Ljava/lang/Object;Ljava/lang/Object;)I> (0x00000000da405e58) thrown at [C:\src\AOSP-openjdk-git\hotspot\src\share\vm\interpreter\l

Events (10 events):
Event: 23.909 loading class org/gradle/api/artifacts/ComponentMetadata
Event: 23.909 loading class org/gradle/api/artifacts/ComponentMetadata done
Event: 23.910 loading class org/gradle/api/artifacts/ComponentMetadataBuilder
Event: 23.910 loading class org/gradle/api/artifacts/ComponentMetadataBuilder done
Event: 23.910 loading class org/gradle/api/internal/artifacts/ivyservice/ivyresolve/DefaultMetadataProvider$BuildableComponentMetadataSupplierDetails
Event: 23.910 loading class org/gradle/api/internal/artifacts/ivyservice/ivyresolve/DefaultMetadataProvider$BuildableComponentMetadataSupplierDetails done
Event: 23.910 loading class org/gradle/api/Transformer
Event: 23.910 loading class org/gradle/api/Transformer done
Event: 23.949 Thread 0x000000001c402000 DEOPT PACKING pc=0x0000000003e72468 sp=0x000000001e207b30
Event: 23.949 Thread 0x000000001c402000 DEOPT UNPACKING pc=0x0000000002bd71d0 sp=0x000000001e2077d8 mode 0


Dynamic libraries:
0x00007ff790fe0000 - 0x00007ff791011000 	C:\Program Files\Android\Android Studio\jre\bin\java.exe
0x00007fff902f0000 - 0x00007fff904e4000 	C:\Windows\SYSTEM32\ntdll.dll
0x00007fff8e930000 - 0x00007fff8e9ed000 	C:\Windows\System32\KERNEL32.DLL
0x00007fff8dc20000 - 0x00007fff8dee7000 	C:\Windows\System32\KERNELBASE.dll
0x00007fff90140000 - 0x00007fff901ea000 	C:\Windows\System32\ADVAPI32.dll
0x00007fff901f0000 - 0x00007fff9028e000 	C:\Windows\System32\msvcrt.dll
0x00007fff8eb90000 - 0x00007fff8ec2b000 	C:\Windows\System32\sechost.dll
0x00007fff8e650000 - 0x00007fff8e773000 	C:\Windows\System32\RPCRT4.dll
0x00007fff8e9f0000 - 0x00007fff8eb90000 	C:\Windows\System32\USER32.dll
0x00007fff8da80000 - 0x00007fff8daa2000 	C:\Windows\System32\win32u.dll
0x00007fff8f8e0000 - 0x00007fff8f90a000 	C:\Windows\System32\GDI32.dll
0x00007fff8db10000 - 0x00007fff8dc1a000 	C:\Windows\System32\gdi32full.dll
0x00007fff8e300000 - 0x00007fff8e39d000 	C:\Windows\System32\msvcp_win.dll
0x00007fff8e180000 - 0x00007fff8e280000 	C:\Windows\System32\ucrtbase.dll
0x00007fff79a50000 - 0x00007fff79cea000 	C:\Windows\WinSxS\amd64_microsoft.windows.common-controls_6595b64144ccf1df_6.0.19041.1_none_b555e41d4684ddec\COMCTL32.dll
0x00007fff8ff90000 - 0x00007fff8ffc0000 	C:\Windows\System32\IMM32.DLL
0x0000000054980000 - 0x0000000054a52000 	C:\Program Files\Android\Android Studio\jre\jre\bin\msvcr100.dll
0x0000000054a60000 - 0x00000000552ab000 	C:\Program Files\Android\Android Studio\jre\jre\bin\server\jvm.dll
0x00007fff8faf0000 - 0x00007fff8faf8000 	C:\Windows\System32\PSAPI.DLL
0x00007fff88060000 - 0x00007fff88069000 	C:\Windows\SYSTEM32\WSOCK32.dll
0x00007fff82320000 - 0x00007fff82347000 	C:\Windows\SYSTEM32\WINMM.dll
0x00007fff8d550000 - 0x00007fff8d55a000 	C:\Windows\SYSTEM32\VERSION.dll
0x00007fff8fe70000 - 0x00007fff8fedb000 	C:\Windows\System32\WS2_32.dll
0x00007fff7ec40000 - 0x00007fff7ec4f000 	C:\Program Files\Android\Android Studio\jre\jre\bin\verify.dll
0x00007fff7ebd0000 - 0x00007fff7ebf9000 	C:\Program Files\Android\Android Studio\jre\jre\bin\java.dll
0x00007fff7ec20000 - 0x00007fff7ec36000 	C:\Program Files\Android\Android Studio\jre\jre\bin\zip.dll
0x00007fff8ed20000 - 0x00007fff8f454000 	C:\Windows\System32\SHELL32.dll
0x00007fff8b870000 - 0x00007fff8bffe000 	C:\Windows\SYSTEM32\windows.storage.dll
0x00007fff8fb10000 - 0x00007fff8fe63000 	C:\Windows\System32\combase.dll
0x00007fff8d3c0000 - 0x00007fff8d3eb000 	C:\Windows\SYSTEM32\Wldp.dll
0x00007fff8f970000 - 0x00007fff8fa1e000 	C:\Windows\System32\SHCORE.dll
0x00007fff90290000 - 0x00007fff902e5000 	C:\Windows\System32\shlwapi.dll
0x00007fff8d9c0000 - 0x00007fff8d9df000 	C:\Windows\SYSTEM32\profapi.dll
0x00007fff7eb90000 - 0x00007fff7ebaa000 	C:\Program Files\Android\Android Studio\jre\jre\bin\net.dll
0x00007fff8d140000 - 0x00007fff8d1aa000 	C:\Windows\system32\mswsock.dll
0x00007fff7eb70000 - 0x00007fff7eb83000 	C:\Program Files\Android\Android Studio\jre\jre\bin\nio.dll
0x00007fff78e90000 - 0x00007fff78eb7000 	C:\Users\Sergey\.gradle\native\f6784746aeab05261644944871eae4fe03e0ef1612fff0a4a95f87b438bc6780\windows-amd64\native-platform.dll
0x00007fff7eb40000 - 0x00007fff7eb4d000 	C:\Program Files\Android\Android Studio\jre\jre\bin\management.dll
0x00007fff8d310000 - 0x00007fff8d328000 	C:\Windows\SYSTEM32\CRYPTSP.dll
0x00007fff8cad0000 - 0x00007fff8cb04000 	C:\Windows\system32\rsaenh.dll
0x00007fff8e2d0000 - 0x00007fff8e2f7000 	C:\Windows\System32\bcrypt.dll
0x00007fff8d940000 - 0x00007fff8d96e000 	C:\Windows\SYSTEM32\USERENV.dll
0x00007fff8def0000 - 0x00007fff8df6f000 	C:\Windows\System32\bcryptprimitives.dll
0x00007fff8d330000 - 0x00007fff8d33c000 	C:\Windows\SYSTEM32\CRYPTBASE.dll
0x00007fff8ce30000 - 0x00007fff8ce6b000 	C:\Windows\SYSTEM32\IPHLPAPI.DLL
0x00007fff8fb00000 - 0x00007fff8fb09000 	C:\Windows\System32\NSI.dll
0x00007fff8c020000 - 0x00007fff8c037000 	C:\Windows\SYSTEM32\dhcpcsvc6.DLL
0x00007fff8c000000 - 0x00007fff8c01d000 	C:\Windows\SYSTEM32\dhcpcsvc.DLL
0x00007fff8ce70000 - 0x00007fff8cf3a000 	C:\Windows\SYSTEM32\DNSAPI.dll
0x00007fff85770000 - 0x00007fff8577b000 	C:\Windows\SYSTEM32\WINNSI.DLL
0x00007fff78fd0000 - 0x00007fff78ff4000 	C:\Program Files\Android\Android Studio\jre\jre\bin\sunec.dll
0x00007fff85480000 - 0x00007fff8548a000 	C:\Windows\System32\rasadhlp.dll
0x00007fff7de80000 - 0x00007fff7deff000 	C:\Windows\System32\fwpuclnt.dll
0x00007fff7eb30000 - 0x00007fff7eb3b000 	C:\Program Files\Android\Android Studio\jre\jre\bin\sunmscapi.dll
0x00007fff8df70000 - 0x00007fff8e0cd000 	C:\Windows\System32\CRYPT32.dll

VM Arguments:
jvm_args: -Xmx2048m -Dfile.encoding=UTF-8 -Duser.country=RU -Duser.language=ru -Duser.variant 
java_command: org.gradle.launcher.daemon.bootstrap.GradleDaemon 6.5
java_class_path (initial): C:\Users\Sergey\.gradle\wrapper\dists\gradle-6.5-bin\6nifqtx7604sqp1q6g8wikw7p\gradle-6.5\lib\gradle-launcher-6.5.jar
Launcher Type: SUN_STANDARD

Environment Variables:
JAVA_HOME=C:\Program Files (x86)\Java\jre1.8.0_261
PATH=C:\Program Files (x86)\Common Files\Oracle\Java\javapath;C:\Windows\system32;C:\Windows;C:\Windows\System32\Wbem;C:\Windows\System32\WindowsPowerShell\v1.0\;C:\Program Files\Git\cmd;C:\Users\Sergey\AppData\Local\Microsoft\WindowsApps;
USERNAME=Sergey
OS=Windows_NT
PROCESSOR_IDENTIFIER=AMD64 Family 23 Model 17 Stepping 0, AuthenticAMD



---------------  S Y S T E M  ---------------

OS: Windows 10.0 , 64 bit Build 19041 (10.0.19041.292)

CPU:total 8 (initial active 8) (8 cores per cpu, 1 threads per core) family 23 model 17 stepping 0, cmov, cx8, fxsr, mmx, sse, sse2, sse3, ssse3, sse4.1, sse4.2, popcnt, avx, avx2, aes, clmul, mmxext, 3dnowpref, lzcnt, sse4a, tsc, tscinvbit, tscinv, bmi1

Memory: 4k page, physical 8031504k(462376k free), swap 10128656k(5564k free)

vm_info: OpenJDK 64-Bit Server VM (25.242-b01) for windows-amd64 JRE (1.8.0_242-release-1644-b01), built by "builder" with MS VC++ 10.0 (VS2010)

time: Wed Feb 24 22:53:15 2021
timezone: ќмское стандартное врем€
elapsed time: 23 seconds (0d 0h 0m 23s)

