#
# There is insufficient memory for the Java Runtime Environment to continue.
# Native memory allocation (malloc) failed to allocate 364576 bytes for Chunk::new
# Possible reasons:
#   The system is out of physical RAM or swap space
#   The process is running with CompressedOops enabled, and the Java Heap may be blocking the growth of the native heap
# Possible solutions:
#   Reduce memory load on the system
#   Increase physical memory or swap space
#   Check if swap backing store is full
#   Decrease Java heap size (-Xmx/-Xms)
#   Decrease number of Java threads
#   Decrease Java thread stack sizes (-Xss)
#   Set larger code cache with -XX:ReservedCodeCacheSize=
#   JVM is running with Unscaled Compressed Oops mode in which the Java heap is
#     placed in the first 4GB address space. The Java Heap base address is the
#     maximum limit for the native heap growth. Please use -XX:HeapBaseMinAddress
#     to set the Java Heap base and to place the Java Heap above 4GB virtual address.
# This output file may be truncated or incomplete.
#
#  Out of Memory Error (allocation.cpp:389), pid=27248, tid=0x0000000000006920
#
# JRE version: OpenJDK Runtime Environment (8.0_242-b01) (build 1.8.0_242-release-1644-b01)
# Java VM: OpenJDK 64-Bit Server VM (25.242-b01 mixed mode windows-amd64 compressed oops)
# Failed to write core dump. Minidumps are not enabled by default on client versions of Windows
#

---------------  T H R E A D  ---------------

Current thread (0x0000000019a9e000):  JavaThread "C2 CompilerThread2" daemon [_thread_in_native, id=26912, stack(0x000000001a570000,0x000000001a670000)]

Stack: [0x000000001a570000,0x000000001a670000]
[error occurred during error reporting (printing stack bounds), id 0xc0000005]

Native frames: (J=compiled Java code, j=interpreted, Vv=VM code, C=native code)


Current CompileTask:
C2:   3731 3326       4       org.jetbrains.kotlin.load.java.structure.impl.classFiles.BinaryClassSignatureParser::parseTypeString (134 bytes)


---------------  P R O C E S S  ---------------

Java Threads: ( => current thread )
  0x0000000019b38800 JavaThread "Service Thread" daemon [_thread_blocked, id=23608, stack(0x000000001a770000,0x000000001a870000)]
  0x0000000019aab800 JavaThread "C1 CompilerThread3" daemon [_thread_in_native, id=12216, stack(0x000000001a670000,0x000000001a770000)]
=>0x0000000019a9e000 JavaThread "C2 CompilerThread2" daemon [_thread_in_native, id=26912, stack(0x000000001a570000,0x000000001a670000)]
  0x0000000019a96800 JavaThread "C2 CompilerThread1" daemon [_thread_in_native, id=24804, stack(0x000000001a470000,0x000000001a570000)]
  0x0000000019a93800 JavaThread "C2 CompilerThread0" daemon [_thread_in_native, id=15644, stack(0x000000001a370000,0x000000001a470000)]
  0x0000000019a92000 JavaThread "Attach Listener" daemon [_thread_blocked, id=20344, stack(0x000000001a270000,0x000000001a370000)]
  0x0000000019a91000 JavaThread "Signal Dispatcher" daemon [_thread_blocked, id=15308, stack(0x000000001a170000,0x000000001a270000)]
  0x0000000019a81000 JavaThread "Finalizer" daemon [_thread_blocked, id=27572, stack(0x0000000019f60000,0x000000001a060000)]
  0x0000000017c8c000 JavaThread "Reference Handler" daemon [_thread_blocked, id=14916, stack(0x0000000019e60000,0x0000000019f60000)]
  0x0000000002e44000 JavaThread "main" [_thread_in_Java, id=24588, stack(0x0000000002d40000,0x0000000002e40000)]

Other Threads:
  0x0000000017c86800 VMThread [stack: 0x0000000019960000,0x0000000019a60000] [id=17220]
  0x0000000019b39800 WatcherThread [stack: 0x000000001a870000,0x000000001a970000] [id=18728]

VM state:not at safepoint (normal execution)

VM Mutex/Monitor currently owned by a thread: None

heap address: 0x0000000085600000, size: 1962 MB, Compressed Oops mode: 32-bit
Narrow klass base: 0x0000000000000000, Narrow klass shift: 3
Compressed class space size: 1073741824 Address: 0x0000000100000000

Heap:
 PSYoungGen      total 132096K, used 68762K [0x00000000d7200000, 0x00000000e1380000, 0x0000000100000000)
  eden space 126976K, 54% used [0x00000000d7200000,0x00000000db5268c0,0x00000000dee00000)
  from space 5120K, 0% used [0x00000000dee00000,0x00000000dee00000,0x00000000df300000)
  to   space 16384K, 0% used [0x00000000e0380000,0x00000000e0380000,0x00000000e1380000)
 ParOldGen       total 111104K, used 19796K [0x0000000085600000, 0x000000008c280000, 0x00000000d7200000)
  object space 111104K, 17% used [0x0000000085600000,0x0000000086955308,0x000000008c280000)
 Metaspace       used 39180K, capacity 39720K, committed 39936K, reserved 1083392K
  class space    used 4911K, capacity 5058K, committed 5120K, reserved 1048576K

Card table byte_map: [0x0000000012300000,0x00000000126e0000] byte_map_base: 0x0000000011ed5000

Marking Bits: (ParMarkBitMap*) 0x000000005508f030
 Begin Bits: [0x0000000013170000, 0x0000000015018000)
 End Bits:   [0x0000000015018000, 0x0000000016ec0000)

Polling page: 0x0000000001070000

CodeCache: size=245760Kb used=11109Kb max_used=11109Kb free=234650Kb
 bounds [0x0000000002f40000, 0x0000000003a30000, 0x0000000011f40000]
 total_blobs=4085 nmethods=3640 adapters=359
 compilation: enabled

Compilation events (10 events):
Event: 3.725 Thread 0x0000000019aab800 nmethod 3642 0x0000000003a1d510 code [0x0000000003a1d680, 0x0000000003a1d8e8]
Event: 3.725 Thread 0x0000000019aab800 3643       3       org.jetbrains.kotlin.storage.LockBasedStorageManager$KeyWithComputation::equals (47 bytes)
Event: 3.726 Thread 0x0000000019aab800 nmethod 3643 0x0000000003a1d990 code [0x0000000003a1db20, 0x0000000003a1e088]
Event: 3.726 Thread 0x0000000019aab800 3646       3       org.jetbrains.kotlin.types.KotlinType::equals (59 bytes)
Event: 3.727 Thread 0x0000000019aab800 nmethod 3646 0x0000000003a1e1d0 code [0x0000000003a1e420, 0x0000000003a1f268]
Event: 3.727 Thread 0x0000000019aab800 3645       3       org.jetbrains.kotlin.types.checker.KotlinTypeRefiner$Default::isRefinementNeededForModule (8 bytes)
Event: 3.727 Thread 0x0000000019aab800 nmethod 3645 0x0000000003a1f710 code [0x0000000003a1f880, 0x0000000003a1faa8]
Event: 3.728 Thread 0x0000000019aab800 3644       1       org.jetbrains.kotlin.load.java.lazy.descriptors.LazyJavaClassDescriptor::getAnnotations (5 bytes)
Event: 3.728 Thread 0x0000000019aab800 nmethod 3644 0x0000000003a14a10 code [0x0000000003a14b60, 0x0000000003a14c70]
Event: 3.728 Thread 0x0000000019aab800 3647       3       org.jetbrains.kotlin.resolve.descriptorUtil.DescriptorUtilsKt::getKotlinTypeRefiner (44 bytes)

GC Heap History (10 events):
Event: 1.360 GC heap before
{Heap before GC invocations=3 (full 0):
 PSYoungGen      total 68608K, used 27093K [0x00000000d7200000, 0x00000000dba00000, 0x0000000100000000)
  eden space 63488K, 34% used [0x00000000d7200000,0x00000000d877c788,0x00000000db000000)
  from space 5120K, 99% used [0x00000000db500000,0x00000000db9f8ff8,0x00000000dba00000)
  to   space 5120K, 0% used [0x00000000db000000,0x00000000db000000,0x00000000db500000)
 ParOldGen       total 84992K, used 6986K [0x0000000085600000, 0x000000008a900000, 0x00000000d7200000)
  object space 84992K, 8% used [0x0000000085600000,0x0000000085cd2bf0,0x000000008a900000)
 Metaspace       used 20755K, capacity 21170K, committed 21296K, reserved 1069056K
  class space    used 2481K, capacity 2628K, committed 2688K, reserved 1048576K
Event: 1.369 GC heap after
Heap after GC invocations=3 (full 0):
 PSYoungGen      total 68608K, used 5104K [0x00000000d7200000, 0x00000000df800000, 0x0000000100000000)
  eden space 63488K, 0% used [0x00000000d7200000,0x00000000d7200000,0x00000000db000000)
  from space 5120K, 99% used [0x00000000db000000,0x00000000db4fc030,0x00000000db500000)
  to   space 5120K, 0% used [0x00000000df300000,0x00000000df300000,0x00000000df800000)
 ParOldGen       total 84992K, used 11565K [0x0000000085600000, 0x000000008a900000, 0x00000000d7200000)
  object space 84992K, 13% used [0x0000000085600000,0x000000008614b798,0x000000008a900000)
 Metaspace       used 20755K, capacity 21170K, committed 21296K, reserved 1069056K
  class space    used 2481K, capacity 2628K, committed 2688K, reserved 1048576K
}
Event: 1.369 GC heap before
{Heap before GC invocations=4 (full 1):
 PSYoungGen      total 68608K, used 5104K [0x00000000d7200000, 0x00000000df800000, 0x0000000100000000)
  eden space 63488K, 0% used [0x00000000d7200000,0x00000000d7200000,0x00000000db000000)
  from space 5120K, 99% used [0x00000000db000000,0x00000000db4fc030,0x00000000db500000)
  to   space 5120K, 0% used [0x00000000df300000,0x00000000df300000,0x00000000df800000)
 ParOldGen       total 84992K, used 11565K [0x0000000085600000, 0x000000008a900000, 0x00000000d7200000)
  object space 84992K, 13% used [0x0000000085600000,0x000000008614b798,0x000000008a900000)
 Metaspace       used 20755K, capacity 21170K, committed 21296K, reserved 1069056K
  class space    used 2481K, capacity 2628K, committed 2688K, reserved 1048576K
Event: 1.400 GC heap after
Heap after GC invocations=4 (full 1):
 PSYoungGen      total 68608K, used 0K [0x00000000d7200000, 0x00000000df800000, 0x0000000100000000)
  eden space 63488K, 0% used [0x00000000d7200000,0x00000000d7200000,0x00000000db000000)
  from space 5120K, 0% used [0x00000000db000000,0x00000000db000000,0x00000000db500000)
  to   space 5120K, 0% used [0x00000000df300000,0x00000000df300000,0x00000000df800000)
 ParOldGen       total 64512K, used 9491K [0x0000000085600000, 0x0000000089500000, 0x00000000d7200000)
  object space 64512K, 14% used [0x0000000085600000,0x0000000085f44d28,0x0000000089500000)
 Metaspace       used 20755K, capacity 21170K, committed 21296K, reserved 1069056K
  class space    used 2481K, capacity 2628K, committed 2688K, reserved 1048576K
}
Event: 2.271 GC heap before
{Heap before GC invocations=5 (full 1):
 PSYoungGen      total 68608K, used 63488K [0x00000000d7200000, 0x00000000df800000, 0x0000000100000000)
  eden space 63488K, 100% used [0x00000000d7200000,0x00000000db000000,0x00000000db000000)
  from space 5120K, 0% used [0x00000000db000000,0x00000000db000000,0x00000000db500000)
  to   space 5120K, 0% used [0x00000000df300000,0x00000000df300000,0x00000000df800000)
 ParOldGen       total 64512K, used 9491K [0x0000000085600000, 0x0000000089500000, 0x00000000d7200000)
  object space 64512K, 14% used [0x0000000085600000,0x0000000085f44d28,0x0000000089500000)
 Metaspace       used 28780K, capacity 29260K, committed 29568K, reserved 1075200K
  class space    used 3503K, capacity 3627K, committed 3712K, reserved 1048576K
Event: 2.283 GC heap after
Heap after GC invocations=5 (full 1):
 PSYoungGen      total 96256K, used 5117K [0x00000000d7200000, 0x00000000df800000, 0x0000000100000000)
  eden space 91136K, 0% used [0x00000000d7200000,0x00000000d7200000,0x00000000dcb00000)
  from space 5120K, 99% used [0x00000000df300000,0x00000000df7ff780,0x00000000df800000)
  to   space 5120K, 0% used [0x00000000dee00000,0x00000000dee00000,0x00000000df300000)
 ParOldGen       total 64512K, used 19753K [0x0000000085600000, 0x0000000089500000, 0x00000000d7200000)
  object space 64512K, 30% used [0x0000000085600000,0x000000008694a540,0x0000000089500000)
 Metaspace       used 28780K, capacity 29260K, committed 29568K, reserved 1075200K
  class space    used 3503K, capacity 3627K, committed 3712K, reserved 1048576K
}
Event: 2.798 GC heap before
{Heap before GC invocations=6 (full 1):
 PSYoungGen      total 96256K, used 36098K [0x00000000d7200000, 0x00000000df800000, 0x0000000100000000)
  eden space 91136K, 33% used [0x00000000d7200000,0x00000000d9041360,0x00000000dcb00000)
  from space 5120K, 99% used [0x00000000df300000,0x00000000df7ff780,0x00000000df800000)
  to   space 5120K, 0% used [0x00000000dee00000,0x00000000dee00000,0x00000000df300000)
 ParOldGen       total 64512K, used 19753K [0x0000000085600000, 0x0000000089500000, 0x00000000d7200000)
  object space 64512K, 30% used [0x0000000085600000,0x000000008694a540,0x0000000089500000)
 Metaspace       used 34742K, capacity 35260K, committed 35456K, reserved 1079296K
  class space    used 4495K, capacity 4651K, committed 4736K, reserved 1048576K
Event: 2.810 GC heap after
Heap after GC invocations=6 (full 1):
 PSYoungGen      total 132096K, used 5098K [0x00000000d7200000, 0x00000000e1380000, 0x0000000100000000)
  eden space 126976K, 0% used [0x00000000d7200000,0x00000000d7200000,0x00000000dee00000)
  from space 5120K, 99% used [0x00000000dee00000,0x00000000df2fab20,0x00000000df300000)
  to   space 16384K, 0% used [0x00000000e0380000,0x00000000e0380000,0x00000000e1380000)
 ParOldGen       total 64512K, used 27249K [0x0000000085600000, 0x0000000089500000, 0x00000000d7200000)
  object space 64512K, 42% used [0x0000000085600000,0x000000008709c508,0x0000000089500000)
 Metaspace       used 34742K, capacity 35260K, committed 35456K, reserved 1079296K
  class space    used 4495K, capacity 4651K, committed 4736K, reserved 1048576K
}
Event: 2.810 GC heap before
{Heap before GC invocations=7 (full 2):
 PSYoungGen      total 132096K, used 5098K [0x00000000d7200000, 0x00000000e1380000, 0x0000000100000000)
  eden space 126976K, 0% used [0x00000000d7200000,0x00000000d7200000,0x00000000dee00000)
  from space 5120K, 99% used [0x00000000dee00000,0x00000000df2fab20,0x00000000df300000)
  to   space 16384K, 0% used [0x00000000e0380000,0x00000000e0380000,0x00000000e1380000)
 ParOldGen       total 64512K, used 27249K [0x0000000085600000, 0x0000000089500000, 0x00000000d7200000)
  object space 64512K, 42% used [0x0000000085600000,0x000000008709c508,0x0000000089500000)
 Metaspace       used 34742K, capacity 35260K, committed 35456K, reserved 1079296K
  class space    used 4495K, capacity 4651K, committed 4736K, reserved 1048576K
Event: 2.869 GC heap after
Heap after GC invocations=7 (full 2):
 PSYoungGen      total 132096K, used 0K [0x00000000d7200000, 0x00000000e1380000, 0x0000000100000000)
  eden space 126976K, 0% used [0x00000000d7200000,0x00000000d7200000,0x00000000dee00000)
  from space 5120K, 0% used [0x00000000dee00000,0x00000000dee00000,0x00000000df300000)
  to   space 16384K, 0% used [0x00000000e0380000,0x00000000e0380000,0x00000000e1380000)
 ParOldGen       total 111104K, used 19796K [0x0000000085600000, 0x000000008c280000, 0x00000000d7200000)
  object space 111104K, 17% used [0x0000000085600000,0x0000000086955308,0x000000008c280000)
 Metaspace       used 34742K, capacity 35260K, committed 35456K, reserved 1079296K
  class space    used 4495K, capacity 4651K, committed 4736K, reserved 1048576K
}

Deoptimization events (10 events):
Event: 3.088 Thread 0x0000000002e44000 Uncommon trap: reason=class_check action=maybe_recompile pc=0x00000000036b1b48 method=org.jetbrains.kotlin.com.intellij.openapi.util.text.StringUtilRt.lastIndexOf(Ljava/lang/CharSequence;CII)I @ 17
Event: 3.088 Thread 0x0000000002e44000 Uncommon trap: reason=class_check action=maybe_recompile pc=0x00000000036b1b48 method=org.jetbrains.kotlin.com.intellij.openapi.util.text.StringUtilRt.lastIndexOf(Ljava/lang/CharSequence;CII)I @ 17
Event: 3.088 Thread 0x0000000002e44000 Uncommon trap: reason=class_check action=maybe_recompile pc=0x00000000036b1b48 method=org.jetbrains.kotlin.com.intellij.openapi.util.text.StringUtilRt.lastIndexOf(Ljava/lang/CharSequence;CII)I @ 17
Event: 3.271 Thread 0x0000000002e44000 Uncommon trap: reason=bimorphic action=maybe_recompile pc=0x00000000036373f0 method=java.util.HashMap.putVal(ILjava/lang/Object;Ljava/lang/Object;ZZ)Ljava/lang/Object; @ 203
Event: 3.271 Thread 0x0000000002e44000 Uncommon trap: reason=bimorphic action=maybe_recompile pc=0x0000000003323734 method=java.util.HashMap.putVal(ILjava/lang/Object;Ljava/lang/Object;ZZ)Ljava/lang/Object; @ 203
Event: 3.367 Thread 0x0000000002e44000 Uncommon trap: reason=unstable_if action=reinterpret pc=0x00000000035d3ea0 method=java.lang.AbstractStringBuilder.append(Ljava/lang/CharSequence;)Ljava/lang/AbstractStringBuilder; @ 29
Event: 3.410 Thread 0x0000000002e44000 Uncommon trap: reason=unstable_if action=reinterpret pc=0x000000000372e754 method=gnu.trove.TObjectHash.insertionIndex(Ljava/lang/Object;)I @ 65
Event: 3.457 Thread 0x0000000002e44000 Uncommon trap: reason=unstable_if action=reinterpret pc=0x0000000003480b10 method=org.jetbrains.kotlin.protobuf.CodedInputStream.readRawVarint32()I @ 69
Event: 3.458 Thread 0x0000000002e44000 Uncommon trap: reason=unstable_if action=reinterpret pc=0x00000000038d45e4 method=org.jetbrains.kotlin.protobuf.CodedOutputStream.computeRawVarint32Size(I)I @ 14
Event: 3.508 Thread 0x0000000002e44000 Uncommon trap: reason=unstable_if action=reinterpret pc=0x00000000039074bc method=gnu.trove.TObjectHash.insertionIndex(Ljava/lang/Object;)I @ 167

Classes redefined (0 events):
No events

Internal exceptions (10 events):
Event: 1.088 Thread 0x0000000002e44000 Exception <a 'java/lang/NoSuchMethodError': java.lang.Object.lambda$static$0()J> (0x00000000d76cceb0) thrown at [C:\src\AOSP-openjdk-git\hotspot\src\share\vm\interpreter\linkResolver.cpp, line 620]
Event: 1.214 Thread 0x0000000002e44000 Exception <a 'java/lang/NoSuchMethodError': java.lang.Object.lambda$static$0(I)[Lorg/jetbrains/kotlin/com/intellij/openapi/editor/event/DocumentListener;> (0x00000000d7e84400) thrown at [C:\src\AOSP-openjdk-git\hotspot\src\share\vm\interpreter\linkResolve
Event: 1.239 Thread 0x0000000002e44000 Exception <a 'java/lang/NoSuchMethodError': java.lang.Object.lambda$static$0(I)[Lorg/jetbrains/kotlin/com/intellij/psi/PsiAnnotation;> (0x00000000d80a24a8) thrown at [C:\src\AOSP-openjdk-git\hotspot\src\share\vm\interpreter\linkResolver.cpp, line 620]
Event: 1.308 Thread 0x0000000002e44000 Exception <a 'java/lang/NoSuchMethodError': java.lang.Object.lambda$static$0(I)[Lorg/jetbrains/kotlin/com/intellij/psi/PsiElement;> (0x00000000d84fd1e8) thrown at [C:\src\AOSP-openjdk-git\hotspot\src\share\vm\interpreter\linkResolver.cpp, line 620]
Event: 2.027 Thread 0x0000000002e44000 Exception <a 'java/lang/ArrayIndexOutOfBoundsException': 126> (0x00000000d9d80bb8) thrown at [C:\src\AOSP-openjdk-git\hotspot\src\share\vm\interpreter\interpreterRuntime.cpp, line 368]
Event: 2.027 Thread 0x0000000002e44000 Exception <a 'java/lang/ArrayIndexOutOfBoundsException': 86> (0x00000000d9d82040) thrown at [C:\src\AOSP-openjdk-git\hotspot\src\share\vm\interpreter\interpreterRuntime.cpp, line 368]
Event: 2.637 Thread 0x0000000002e44000 Exception <a 'java/lang/NoSuchMethodError': java.lang.Object.lambda$static$0(I)[Lorg/jetbrains/kotlin/psi/KtExpression;> (0x00000000d870fbf0) thrown at [C:\src\AOSP-openjdk-git\hotspot\src\share\vm\interpreter\linkResolver.cpp, line 620]
Event: 2.691 Thread 0x0000000002e44000 Exception <a 'java/lang/NoSuchMethodError': java.lang.Object.lambda$static$0(I)[Lorg/jetbrains/kotlin/psi/KtDeclaration;> (0x00000000d89fd420) thrown at [C:\src\AOSP-openjdk-git\hotspot\src\share\vm\interpreter\linkResolver.cpp, line 620]
Event: 2.714 Thread 0x0000000002e44000 Exception <a 'java/lang/NoSuchMethodError': java.lang.Object.lambda$static$0(I)[Lorg/jetbrains/kotlin/psi/KtTypeElement;> (0x00000000d8b62900) thrown at [C:\src\AOSP-openjdk-git\hotspot\src\share\vm\interpreter\linkResolver.cpp, line 620]
Event: 3.374 Thread 0x0000000002e44000 Exception <a 'java/lang/NoSuchMethodError': java.lang.Object.lambda$static$0(I)[Lorg/jetbrains/kotlin/com/intellij/psi/PsiClass;> (0x00000000da004c48) thrown at [C:\src\AOSP-openjdk-git\hotspot\src\share\vm\interpreter\linkResolver.cpp, line 620]

Events (10 events):
Event: 3.715 loading class org/jetbrains/kotlin/codegen/BranchedValue
Event: 3.715 loading class org/jetbrains/kotlin/codegen/BranchedValue done
Event: 3.715 loading class org/jetbrains/kotlin/codegen/AsmUtil$1
Event: 3.715 loading class org/jetbrains/kotlin/codegen/AsmUtil$1 done
Event: 3.716 loading class org/jetbrains/kotlin/resolve/jvm/AsmTypes
Event: 3.716 loading class org/jetbrains/kotlin/resolve/jvm/AsmTypes done
Event: 3.717 loading class org/jetbrains/org/objectweb/asm/Type
Event: 3.717 loading class org/jetbrains/org/objectweb/asm/Type done
Event: 3.718 loading class org/jetbrains/org/objectweb/asm/Type
Event: 3.718 loading class org/jetbrains/org/objectweb/asm/Type done


Dynamic libraries:
0x00007ff75a360000 - 0x00007ff75a391000 	C:\Program Files\Android\Android Studio\jre\jre\bin\java.exe
0x00007fff902f0000 - 0x00007fff904e4000 	C:\Windows\SYSTEM32\ntdll.dll
0x00007fff8e930000 - 0x00007fff8e9ed000 	C:\Windows\System32\KERNEL32.DLL
0x00007fff8dc20000 - 0x00007fff8dee7000 	C:\Windows\System32\KERNELBASE.dll
0x00007fff90140000 - 0x00007fff901ea000 	C:\Windows\System32\ADVAPI32.dll
0x00007fff901f0000 - 0x00007fff9028e000 	C:\Windows\System32\msvcrt.dll
0x00007fff8eb90000 - 0x00007fff8ec2b000 	C:\Windows\System32\sechost.dll
0x00007fff8e650000 - 0x00007fff8e773000 	C:\Windows\System32\RPCRT4.dll
0x00007fff8e9f0000 - 0x00007fff8eb90000 	C:\Windows\System32\USER32.dll
0x00007fff8da80000 - 0x00007fff8daa2000 	C:\Windows\System32\win32u.dll
0x00007fff8f8e0000 - 0x00007fff8f90a000 	C:\Windows\System32\GDI32.dll
0x00007fff8db10000 - 0x00007fff8dc1a000 	C:\Windows\System32\gdi32full.dll
0x00007fff8e300000 - 0x00007fff8e39d000 	C:\Windows\System32\msvcp_win.dll
0x00007fff8e180000 - 0x00007fff8e280000 	C:\Windows\System32\ucrtbase.dll
0x00007fff79a50000 - 0x00007fff79cea000 	C:\Windows\WinSxS\amd64_microsoft.windows.common-controls_6595b64144ccf1df_6.0.19041.1_none_b555e41d4684ddec\COMCTL32.dll
0x00007fff8ff90000 - 0x00007fff8ffc0000 	C:\Windows\System32\IMM32.DLL
0x00000000547e0000 - 0x00000000548b2000 	C:\Program Files\Android\Android Studio\jre\jre\bin\msvcr100.dll
0x00000000548c0000 - 0x000000005510b000 	C:\Program Files\Android\Android Studio\jre\jre\bin\server\jvm.dll
0x00007fff8faf0000 - 0x00007fff8faf8000 	C:\Windows\System32\PSAPI.DLL
0x00007fff82320000 - 0x00007fff82347000 	C:\Windows\SYSTEM32\WINMM.dll
0x00007fff7ec90000 - 0x00007fff7ec99000 	C:\Windows\SYSTEM32\WSOCK32.dll
0x00007fff8fe70000 - 0x00007fff8fedb000 	C:\Windows\System32\WS2_32.dll
0x00007fff8d550000 - 0x00007fff8d55a000 	C:\Windows\SYSTEM32\VERSION.dll
0x00007fff7eaf0000 - 0x00007fff7eaff000 	C:\Program Files\Android\Android Studio\jre\jre\bin\verify.dll
0x00007fff75500000 - 0x00007fff75529000 	C:\Program Files\Android\Android Studio\jre\jre\bin\java.dll
0x00007fff7ea90000 - 0x00007fff7eaa6000 	C:\Program Files\Android\Android Studio\jre\jre\bin\zip.dll
0x00007fff8ed20000 - 0x00007fff8f454000 	C:\Windows\System32\SHELL32.dll
0x00007fff8b870000 - 0x00007fff8bffe000 	C:\Windows\SYSTEM32\windows.storage.dll
0x00007fff8fb10000 - 0x00007fff8fe63000 	C:\Windows\System32\combase.dll
0x00007fff8d3c0000 - 0x00007fff8d3eb000 	C:\Windows\SYSTEM32\Wldp.dll
0x00007fff8f970000 - 0x00007fff8fa1e000 	C:\Windows\System32\SHCORE.dll
0x00007fff90290000 - 0x00007fff902e5000 	C:\Windows\System32\shlwapi.dll
0x00007fff8d9c0000 - 0x00007fff8d9df000 	C:\Windows\SYSTEM32\profapi.dll
0x00007fff78010000 - 0x00007fff7802a000 	C:\Program Files\Android\Android Studio\jre\jre\bin\net.dll
0x00007fff8d140000 - 0x00007fff8d1aa000 	C:\Windows\system32\mswsock.dll
0x00007fff77d70000 - 0x00007fff77d83000 	C:\Program Files\Android\Android Studio\jre\jre\bin\nio.dll

VM Arguments:
java_command: org.jetbrains.kotlin.cli.jvm.K2JVMCompiler -Xallow-no-source-files -classpath C:\Users\Sergey\AndroidStudioProjects\baracuda\app\build\intermediates\compile_and_runtime_not_namespaced_r_class_jar\debug\R.jar;C:\Users\Sergey\.gradle\caches\transforms-2\files-2.1\a3d1f16cf3e94b1375196346a9d93eda\jetified-core-ktx-1.2.0-api.jar;C:\Users\Sergey\.gradle\caches\transforms-2\files-2.1\e24425c5e129b972f8cf2d6b1b471b12\jetified-kotlin-stdlib-1.3.72.jar;C:\Users\Sergey\.gradle\caches\transforms-2\files-2.1\554bebb569f106c02672a9b72ae82eec\jetified-kotlin-stdlib-common-1.3.72.jar;C:\Users\Sergey\.gradle\caches\transforms-2\files-2.1\9b00ae621c12c3bfedc3250e3d20a9f2\jetified-annotations-13.0.jar;C:\Users\Sergey\.gradle\caches\transforms-2\files-2.1\2f9baf78b3a7443820b7a04001afbb3a\material-1.1.0-api.jar;C:\Users\Sergey\.gradle\caches\transforms-2\files-2.1\db6de348fc228b7580e99a3b24405511\appcompat-1.1.0-api.jar;C:\Users\Sergey\.gradle\caches\transforms-2\files-2.1\a265561575907395c52ae16e222813bd\jetified-viewpager2-1.0.0-api.jar;C:\Users\Sergey\.gradle\caches\transforms-2\files-2.1\afbff4ee23217ccbc0bfda5b6e6be3eb\recyclerview-1.1.0-api.jar;C:\Users\Sergey\.gradle\caches\transforms-2\files-2.1\393f5c700ca907f21bb91a7dbf65e46c\fragment-1.1.0-api.jar;C:\Users\Sergey\.gradle\caches\transforms-2\files-2.1\7f66ab4663c9e164a5d3e3629bd5a402\jetified-appcompat-resources-1.1.0-api.jar;C:\Users\Sergey\.gradle\caches\transforms-2\files-2.1\40929d6fb330e298c6e3460973173c00\drawerlayout-1.0.0-api.jar;C:\Users\Sergey\.gradle\caches\transforms-2\files-2.1\3806495bbc38d0525f4c942e89436f70\coordinatorlayout-1.1.0-api.jar;C:\Users\Sergey\.gradle\caches\transforms-2\files-2.1\05ca8c42f4cbd803cd0f92b4a2485488\transition-1.2.0-api.jar;C:\Users\Sergey\.gradle\caches\transforms-2\files-2.1\4eef7c37ef12fc4e83eeb71483148370\vectordrawable-animated-1.1.0-api.jar;C:\Users\Sergey\.gradle\caches\transforms-2\files-2.1\504e3aa8a661d644d05ad20b50ea322b\vectordrawable-1.1.0-api.jar;C:\Users\
java_class_path (initial): C:\Users\Sergey\.gradle\caches\modules-2\files-2.1\org.jetbrains.kotlin\kotlin-compiler-embeddable\1.3.72\fb72232c8fa977d5e07d33c43381ddbdc5edab6\kotlin-compiler-embeddable-1.3.72.jar;C:\Users\Sergey\.gradle\caches\modules-2\files-2.1\org.jetbrains.kotlin\kotlin-reflect\1.3.72\86613e1a669a701b0c660bfd2af4f82a7ae11fca\kotlin-reflect-1.3.72.jar;C:\Users\Sergey\.gradle\caches\modules-2\files-2.1\org.jetbrains.kotlin\kotlin-stdlib\1.3.72\8032138f12c0180bc4e51fe139d4c52b46db6109\kotlin-stdlib-1.3.72.jar;C:\Users\Sergey\.gradle\caches\modules-2\files-2.1\org.jetbrains.kotlin\kotlin-script-runtime\1.3.72\657d8d34d91e1964b4439378c09933e840bfe8d5\kotlin-script-runtime-1.3.72.jar;C:\Users\Sergey\.gradle\caches\modules-2\files-2.1\org.jetbrains.kotlin\kotlin-daemon-embeddable\1.3.72\53bbaa2816dbf6bdb85f629451b1fcc88f2164d2\kotlin-daemon-embeddable-1.3.72.jar;C:\Users\Sergey\.gradle\caches\modules-2\files-2.1\org.jetbrains.intellij.deps\trove4j\1.0.20181211\216c2e14b070f334479d800987affe4054cd563f\trove4j-1.0.20181211.jar;C:\Users\Sergey\.gradle\caches\modules-2\files-2.1\org.jetbrains.kotlin\kotlin-stdlib-common\1.3.72\6ca8bee3d88957eaaaef077c41c908c9940492d8\kotlin-stdlib-common-1.3.72.jar;C:\Users\Sergey\.gradle\caches\modules-2\files-2.1\org.jetbrains\annotations\13.0\919f0dfe192fb4e063e7dacadee7f8bb9a2672a9\annotations-13.0.jar;C:\Program Files\Android\Android Studio\jre\lib\tools.jar
Launcher Type: SUN_STANDARD

Environment Variables:
JAVA_HOME=C:\Program Files (x86)\Java\jre1.8.0_261
PATH=C:\Program Files (x86)\Common Files\Oracle\Java\javapath;C:\Windows\system32;C:\Windows;C:\Windows\System32\Wbem;C:\Windows\System32\WindowsPowerShell\v1.0\;C:\Program Files\Git\cmd;C:\Users\Sergey\AppData\Local\Microsoft\WindowsApps;
USERNAME=Sergey
OS=Windows_NT
PROCESSOR_IDENTIFIER=AMD64 Family 23 Model 17 Stepping 0, AuthenticAMD



---------------  S Y S T E M  ---------------

OS: Windows 10.0 , 64 bit Build 19041 (10.0.19041.292)

CPU:total 8 (initial active 8) (8 cores per cpu, 1 threads per core) family 23 model 17 stepping 0, cmov, cx8, fxsr, mmx, sse, sse2, sse3, ssse3, sse4.1, sse4.2, popcnt, avx, avx2, aes, clmul, mmxext, 3dnowpref, lzcnt, sse4a, tsc, tscinvbit, tscinv, bmi1

Memory: 4k page, physical 8031504k(327544k free), swap 10128656k(5424k free)

vm_info: OpenJDK 64-Bit Server VM (25.242-b01) for windows-amd64 JRE (1.8.0_242-release-1644-b01), built by "builder" with MS VC++ 10.0 (VS2010)

time: Sat Feb 20 01:21:45 2021
timezone: ќмское стандартное врем€
elapsed time: 3 seconds (0d 0h 0m 3s)

