#
# There is insufficient memory for the Java Runtime Environment to continue.
# Native memory allocation (malloc) failed to allocate 1111536 bytes for Chunk::new
# Possible reasons:
#   The system is out of physical RAM or swap space
#   The process is running with CompressedOops enabled, and the Java Heap may be blocking the growth of the native heap
# Possible solutions:
#   Reduce memory load on the system
#   Increase physical memory or swap space
#   Check if swap backing store is full
#   Decrease Java heap size (-Xmx/-Xms)
#   Decrease number of Java threads
#   Decrease Java thread stack sizes (-Xss)
#   Set larger code cache with -XX:ReservedCodeCacheSize=
#   JVM is running with Unscaled Compressed Oops mode in which the Java heap is
#     placed in the first 4GB address space. The Java Heap base address is the
#     maximum limit for the native heap growth. Please use -XX:HeapBaseMinAddress
#     to set the Java Heap base and to place the Java Heap above 4GB virtual address.
# This output file may be truncated or incomplete.
#
#  Out of Memory Error (allocation.cpp:389), pid=39384, tid=0x0000000000007e20
#
# JRE version: OpenJDK Runtime Environment (8.0_242-b01) (build 1.8.0_242-release-1644-b01)
# Java VM: OpenJDK 64-Bit Server VM (25.242-b01 mixed mode windows-amd64 compressed oops)
# Failed to write core dump. Minidumps are not enabled by default on client versions of Windows
#

---------------  T H R E A D  ---------------

Current thread (0x000000001a1a6000):  JavaThread "C2 CompilerThread0" daemon [_thread_in_native, id=32288, stack(0x000000001aa80000,0x000000001ab80000)]

Stack: [0x000000001aa80000,0x000000001ab80000]
[error occurred during error reporting (printing stack bounds), id 0xc0000005]

Native frames: (J=compiled Java code, j=interpreted, Vv=VM code, C=native code)


Current CompileTask:
C2:1121976 19970 %     4       com.android.tools.r8.ir.regalloc.a::a @ 16 (1761 bytes)


---------------  P R O C E S S  ---------------

Java Threads: ( => current thread )
  0x0000000024908000 JavaThread "WorkerExecutor Queue Thread 6" [_thread_blocked, id=36508, stack(0x00000000351a0000,0x00000000352a0000)]
  0x0000000024906000 JavaThread "WorkerExecutor Queue Thread 5" [_thread_blocked, id=17792, stack(0x00000000350a0000,0x00000000351a0000)]
  0x0000000024905000 JavaThread "WorkerExecutor Queue Thread 4" [_thread_blocked, id=36364, stack(0x0000000034c90000,0x0000000034d90000)]
  0x0000000024904000 JavaThread "WorkerExecutor Queue Thread 3" [_thread_blocked, id=5640, stack(0x0000000033b90000,0x0000000033c90000)]
  0x000000001b6e5000 JavaThread "ForkJoinPool.commonPool-worker-5" daemon [_thread_blocked, id=30304, stack(0x0000000033890000,0x0000000033990000)]
  0x000000001b6ec000 JavaThread "ForkJoinPool.commonPool-worker-4" daemon [_thread_blocked, id=30612, stack(0x0000000033790000,0x0000000033890000)]
  0x000000001b6eb000 JavaThread "ForkJoinPool.commonPool-worker-3" daemon [_thread_blocked, id=34720, stack(0x0000000033690000,0x0000000033790000)]
  0x000000001b6ea800 JavaThread "ForkJoinPool.commonPool-worker-2" daemon [_thread_blocked, id=35708, stack(0x0000000033590000,0x0000000033690000)]
  0x000000001b6e8000 JavaThread "ForkJoinPool.commonPool-worker-1" daemon [_thread_blocked, id=36472, stack(0x0000000032d90000,0x0000000032e90000)]
  0x000000001b6e7800 JavaThread "WorkerExecutor Queue Thread 2" [_thread_blocked, id=26780, stack(0x0000000031c40000,0x0000000031d40000)]
  0x000000001b6e9800 JavaThread "WorkerExecutor Queue" [_thread_blocked, id=27260, stack(0x0000000031a00000,0x0000000031b00000)]
  0x000000001b6dd800 JavaThread "Cache worker for Java compile cache (C:\Users\Sergey\AndroidStudioProjects\baracuda\.gradle\6.5\javaCompile)" [_thread_blocked, id=37244, stack(0x0000000031b40000,0x0000000031c40000)]
  0x000000001b6e4800 JavaThread "Cache worker for Java compile cache (C:\Users\Sergey\.gradle\caches\6.5\javaCompile)" [_thread_blocked, id=35216, stack(0x0000000031500000,0x0000000031600000)]
  0x000000001b6dc800 JavaThread "RMI TCP Connection(1)-127.0.0.1" daemon [_thread_in_native, id=33728, stack(0x0000000031900000,0x0000000031a00000)]
  0x000000001b6df800 JavaThread "RMI Reaper" [_thread_blocked, id=35352, stack(0x0000000031800000,0x0000000031900000)]
  0x000000001b6e3800 JavaThread "RMI TCP Accept-0" daemon [_thread_in_native, id=34440, stack(0x0000000031700000,0x0000000031800000)]
  0x000000001b6e3000 JavaThread "GC Daemon" daemon [_thread_blocked, id=34488, stack(0x0000000031600000,0x0000000031700000)]
  0x000000001b6df000 JavaThread "RMI Scheduler(0)" daemon [_thread_blocked, id=35716, stack(0x0000000031400000,0x0000000031500000)]
  0x000000001b6e0800 JavaThread "Cache worker for execution history cache (C:\Users\Sergey\AndroidStudioProjects\baracuda\.gradle\6.5\executionHistory)" [_thread_blocked, id=1712, stack(0x0000000031100000,0x0000000031200000)]
  0x000000001b6e1000 JavaThread "Execution worker for ':' Thread 7" [_thread_blocked, id=4408, stack(0x0000000031000000,0x0000000031100000)]
  0x000000001b6e2000 JavaThread "Execution worker for ':' Thread 6" [_thread_blocked, id=37692, stack(0x0000000030f00000,0x0000000031000000)]
  0x000000002520e800 JavaThread "Execution worker for ':' Thread 5" [_thread_blocked, id=27528, stack(0x0000000030e00000,0x0000000030f00000)]
  0x000000002520e000 JavaThread "Execution worker for ':' Thread 4" [_thread_blocked, id=31816, stack(0x0000000030d00000,0x0000000030e00000)]
  0x000000002520b800 JavaThread "Execution worker for ':' Thread 3" [_thread_blocked, id=31704, stack(0x0000000030c00000,0x0000000030d00000)]
  0x000000002520b000 JavaThread "Execution worker for ':' Thread 2" [_thread_blocked, id=35468, stack(0x000000002ff00000,0x0000000030000000)]
  0x000000002520f800 JavaThread "Execution worker for ':'" [_thread_blocked, id=35576, stack(0x000000002f2b0000,0x000000002f3b0000)]
  0x000000002520c800 JavaThread "Cache worker for file content cache (C:\Users\Sergey\AndroidStudioProjects\baracuda\.gradle\6.5\fileContent)" [_thread_blocked, id=37840, stack(0x000000002ba40000,0x000000002bb40000)]
  0x000000002520a000 JavaThread "pool-5-thread-1" [_thread_blocked, id=38184, stack(0x000000002b740000,0x000000002b840000)]
  0x0000000025202800 JavaThread "Cache worker for Build Output Cleanup Cache (C:\Users\Sergey\AndroidStudioProjects\baracuda\.gradle\buildOutputCleanup)" [_thread_blocked, id=38404, stack(0x000000002b240000,0x000000002b340000)]
  0x0000000025209800 JavaThread "jar transforms Thread 339" [_thread_blocked, id=36588, stack(0x000000002b140000,0x000000002b240000)]
  0x0000000025202000 JavaThread "jar transforms Thread 338" [_thread_blocked, id=11720, stack(0x000000002b040000,0x000000002b140000)]
  0x0000000025208800 JavaThread "jar transforms Thread 337" [_thread_blocked, id=2580, stack(0x000000002af40000,0x000000002b040000)]
  0x0000000025206800 JavaThread "jar transforms Thread 336" [_thread_blocked, id=31940, stack(0x000000002ae40000,0x000000002af40000)]
  0x0000000025204000 JavaThread "jar transforms Thread 335" [_thread_blocked, id=2684, stack(0x000000002ad40000,0x000000002ae40000)]
  0x0000000025203800 JavaThread "jar transforms Thread 334" [_thread_blocked, id=28256, stack(0x000000002ac40000,0x000000002ad40000)]
  0x0000000025208000 JavaThread "jar transforms Thread 333" [_thread_blocked, id=38160, stack(0x000000002ab40000,0x000000002ac40000)]
  0x0000000025207000 JavaThread "jar transforms Thread 332" [_thread_blocked, id=29824, stack(0x000000002aa40000,0x000000002ab40000)]
  0x0000000025201000 JavaThread "jar transforms Thread 331" [_thread_blocked, id=33308, stack(0x000000002a940000,0x000000002aa40000)]
  0x0000000025200800 JavaThread "jar transforms Thread 330" [_thread_blocked, id=31696, stack(0x000000002a840000,0x000000002a940000)]
  0x0000000025205800 JavaThread "jar transforms Thread 329" [_thread_blocked, id=38172, stack(0x000000002a740000,0x000000002a840000)]
  0x0000000025205000 JavaThread "jar transforms Thread 328" [_thread_blocked, id=38096, stack(0x000000002a640000,0x000000002a740000)]
  0x0000000024d38800 JavaThread "jar transforms Thread 327" [_thread_blocked, id=37908, stack(0x000000002a540000,0x000000002a640000)]
  0x0000000024d37800 JavaThread "jar transforms Thread 326" [_thread_blocked, id=36644, stack(0x000000002a440000,0x000000002a540000)]
  0x0000000024d36000 JavaThread "jar transforms Thread 325" [_thread_blocked, id=38752, stack(0x000000002a340000,0x000000002a440000)]
  0x0000000024d35800 JavaThread "jar transforms Thread 324" [_thread_blocked, id=38676, stack(0x000000002a240000,0x000000002a340000)]
  0x0000000024d37000 JavaThread "jar transforms Thread 323" [_thread_blocked, id=38240, stack(0x000000002a140000,0x000000002a240000)]
  0x0000000024d2e000 JavaThread "jar transforms Thread 322" [_thread_blocked, id=38204, stack(0x000000002a040000,0x000000002a140000)]
  0x0000000024d2e800 JavaThread "jar transforms Thread 321" [_thread_blocked, id=32360, stack(0x0000000029f40000,0x000000002a040000)]
  0x0000000024d34000 JavaThread "jar transforms Thread 320" [_thread_blocked, id=37240, stack(0x0000000029e40000,0x0000000029f40000)]
  0x0000000024d30000 JavaThread "jar transforms Thread 319" [_thread_blocked, id=28992, stack(0x0000000029d40000,0x0000000029e40000)]
  0x0000000024d33000 JavaThread "jar transforms Thread 318" [_thread_blocked, id=34760, stack(0x0000000029c40000,0x0000000029d40000)]
  0x0000000024d34800 JavaThread "jar transforms Thread 317" [_thread_blocked, id=33940, stack(0x0000000029b40000,0x0000000029c40000)]
  0x0000000024d2b800 JavaThread "jar transforms Thread 316" [_thread_blocked, id=34888, stack(0x0000000029a40000,0x0000000029b40000)]
  0x0000000024d32800 JavaThread "jar transforms Thread 315" [_thread_blocked, id=37608, stack(0x0000000029940000,0x0000000029a40000)]
  0x0000000024d2d000 JavaThread "jar transforms Thread 314" [_thread_blocked, id=29700, stack(0x0000000029840000,0x0000000029940000)]
  0x0000000024d31800 JavaThread "jar transforms Thread 313" [_thread_blocked, id=33708, stack(0x0000000029740000,0x0000000029840000)]
  0x0000000024d2b000 JavaThread "jar transforms Thread 312" [_thread_blocked, id=34224, stack(0x0000000029640000,0x0000000029740000)]
  0x0000000024d2a000 JavaThread "jar transforms Thread 311" [_thread_blocked, id=38780, stack(0x0000000029540000,0x0000000029640000)]
  0x0000000024d31000 JavaThread "jar transforms Thread 310" [_thread_blocked, id=37352, stack(0x0000000029440000,0x0000000029540000)]
  0x0000000024d29800 JavaThread "jar transforms Thread 309" [_thread_blocked, id=37712, stack(0x0000000029340000,0x0000000029440000)]
  0x0000000024d2f800 JavaThread "jar transforms Thread 308" [_thread_blocked, id=29108, stack(0x0000000029240000,0x0000000029340000)]
  0x0000000024d2c800 JavaThread "jar transforms Thread 307" [_thread_blocked, id=37656, stack(0x0000000029140000,0x0000000029240000)]
  0x000000002481f800 JavaThread "jar transforms Thread 306" [_thread_blocked, id=38128, stack(0x0000000029040000,0x0000000029140000)]
  0x000000002481f000 JavaThread "jar transforms Thread 305" [_thread_blocked, id=38256, stack(0x0000000028f40000,0x0000000029040000)]
  0x000000002481e000 JavaThread "jar transforms Thread 304" [_thread_blocked, id=27900, stack(0x0000000028e40000,0x0000000028f40000)]
  0x000000002481c800 JavaThread "jar transforms Thread 303" [_thread_blocked, id=36384, stack(0x0000000028d40000,0x0000000028e40000)]
  0x000000002481d800 JavaThread "jar transforms Thread 302" [_thread_blocked, id=37560, stack(0x0000000028c40000,0x0000000028d40000)]
  0x0000000024821000 JavaThread "jar transforms Thread 301" [_thread_blocked, id=2840, stack(0x0000000028b40000,0x0000000028c40000)]
  0x000000002481b000 JavaThread "jar transforms Thread 300" [_thread_blocked, id=29048, stack(0x0000000028a40000,0x0000000028b40000)]
  0x000000002481c000 JavaThread "jar transforms Thread 299" [_thread_blocked, id=35748, stack(0x0000000028940000,0x0000000028a40000)]
  0x0000000024820800 JavaThread "jar transforms Thread 298" [_thread_blocked, id=37524, stack(0x0000000028840000,0x0000000028940000)]
  0x0000000024813800 JavaThread "jar transforms Thread 297" [_thread_blocked, id=38872, stack(0x0000000028740000,0x0000000028840000)]
  0x000000002481a800 JavaThread "jar transforms Thread 296" [_thread_blocked, id=34432, stack(0x0000000028640000,0x0000000028740000)]
  0x0000000024813000 JavaThread "jar transforms Thread 295" [_thread_blocked, id=36052, stack(0x0000000028540000,0x0000000028640000)]
  0x0000000024815000 JavaThread "jar transforms Thread 294" [_thread_blocked, id=37672, stack(0x0000000028440000,0x0000000028540000)]
  0x0000000024819800 JavaThread "jar transforms Thread 293" [_thread_blocked, id=36356, stack(0x0000000028340000,0x0000000028440000)]
  0x0000000024812000 JavaThread "jar transforms Thread 292" [_thread_blocked, id=32544, stack(0x0000000028240000,0x0000000028340000)]
  0x0000000024818000 JavaThread "jar transforms Thread 291" [_thread_blocked, id=32920, stack(0x0000000028140000,0x0000000028240000)]
  0x0000000024817800 JavaThread "jar transforms Thread 290" [_thread_blocked, id=28500, stack(0x0000000028040000,0x0000000028140000)]
  0x0000000024814800 JavaThread "jar transforms Thread 289" [_thread_blocked, id=41424, stack(0x0000000027f40000,0x0000000028040000)]
  0x0000000024819000 JavaThread "jar transforms Thread 288" [_thread_blocked, id=26420, stack(0x0000000027e40000,0x0000000027f40000)]
  0x0000000024816800 JavaThread "jar transforms Thread 287" [_thread_blocked, id=38408, stack(0x0000000027d40000,0x0000000027e40000)]
  0x0000000024816000 JavaThread "jar transforms Thread 286" [_thread_blocked, id=18668, stack(0x0000000027c40000,0x0000000027d40000)]
  0x000000002c716000 JavaThread "jar transforms Thread 285" [_thread_blocked, id=14176, stack(0x0000000027b40000,0x0000000027c40000)]
  0x000000002c715800 JavaThread "jar transforms Thread 284" [_thread_blocked, id=32012, stack(0x0000000027a40000,0x0000000027b40000)]
  0x000000002c714800 JavaThread "jar transforms Thread 283" [_thread_blocked, id=29828, stack(0x0000000027940000,0x0000000027a40000)]
  0x000000002c717000 JavaThread "jar transforms Thread 282" [_thread_blocked, id=24228, stack(0x0000000027840000,0x0000000027940000)]
  0x000000002c71b800 JavaThread "jar transforms Thread 281" [_thread_blocked, id=37976, stack(0x0000000027740000,0x0000000027840000)]
  0x000000002c718800 JavaThread "jar transforms Thread 280" [_thread_blocked, id=33300, stack(0x0000000027640000,0x0000000027740000)]
  0x000000002c719000 JavaThread "jar transforms Thread 279" [_thread_blocked, id=28368, stack(0x0000000027540000,0x0000000027640000)]
  0x000000002c714000 JavaThread "jar transforms Thread 278" [_thread_blocked, id=34988, stack(0x0000000027440000,0x0000000027540000)]
  0x000000002c717800 JavaThread "jar transforms Thread 277" [_thread_blocked, id=32600, stack(0x0000000027340000,0x0000000027440000)]
  0x000000002c71a000 JavaThread "jar transforms Thread 276" [_thread_blocked, id=37064, stack(0x0000000027240000,0x0000000027340000)]
  0x000000002c71a800 JavaThread "jar transforms Thread 275" [_thread_blocked, id=720, stack(0x0000000027140000,0x0000000027240000)]
  0x000000002c70c800 JavaThread "jar transforms Thread 274" [_thread_blocked, id=8064, stack(0x0000000027040000,0x0000000027140000)]
  0x000000002c70e000 JavaThread "jar transforms Thread 273" [_thread_blocked, id=36204, stack(0x0000000026f40000,0x0000000027040000)]
  0x000000002c713000 JavaThread "jar transforms Thread 272" [_thread_blocked, id=29068, stack(0x0000000026e40000,0x0000000026f40000)]
  0x000000002c711800 JavaThread "jar transforms Thread 271" [_thread_blocked, id=15236, stack(0x0000000026d40000,0x0000000026e40000)]
  0x000000002c711000 JavaThread "jar transforms Thread 270" [_thread_blocked, id=16424, stack(0x0000000026c40000,0x0000000026d40000)]
  0x000000002c70f800 JavaThread "jar transforms Thread 269" [_thread_blocked, id=19920, stack(0x0000000026b40000,0x0000000026c40000)]
  0x000000002c70d000 JavaThread "jar transforms Thread 268" [_thread_blocked, id=37904, stack(0x0000000026a40000,0x0000000026b40000)]
  0x000000002c70e800 JavaThread "jar transforms Thread 267" [_thread_blocked, id=32912, stack(0x0000000026940000,0x0000000026a40000)]
  0x000000002c712800 JavaThread "jar transforms Thread 266" [_thread_blocked, id=34856, stack(0x0000000026840000,0x0000000026940000)]
  0x000000002c710000 JavaThread "jar transforms Thread 265" [_thread_blocked, id=39924, stack(0x0000000026740000,0x0000000026840000)]
  0x000000001caf0800 JavaThread "jar transforms Thread 264" [_thread_blocked, id=39776, stack(0x0000000026640000,0x0000000026740000)]
  0x000000001caef800 JavaThread "jar transforms Thread 263" [_thread_blocked, id=22484, stack(0x0000000026540000,0x0000000026640000)]
  0x000000001caf1000 JavaThread "jar transforms Thread 262" [_thread_blocked, id=38696, stack(0x0000000026440000,0x0000000026540000)]
  0x000000001caf5800 JavaThread "jar transforms Thread 261" [_thread_blocked, id=30524, stack(0x0000000026340000,0x0000000026440000)]
  0x000000001caf5000 JavaThread "jar transforms Thread 260" [_thread_blocked, id=31956, stack(0x0000000026240000,0x0000000026340000)]
  0x000000001caf2800 JavaThread "jar transforms Thread 259" [_thread_blocked, id=25640, stack(0x0000000026140000,0x0000000026240000)]
  0x000000001caf3800 JavaThread "jar transforms Thread 258" [_thread_blocked, id=33900, stack(0x0000000026040000,0x0000000026140000)]
  0x000000001caf2000 JavaThread "jar transforms Thread 257" [_thread_blocked, id=38876, stack(0x0000000025d40000,0x0000000025e40000)]
  0x000000001cb0e800 JavaThread "jar transforms Thread 256" [_thread_blocked, id=38084, stack(0x0000000025c40000,0x0000000025d40000)]
  0x000000001cb0e000 JavaThread "jar transforms Thread 255" [_thread_blocked, id=37968, stack(0x0000000025b40000,0x0000000025c40000)]
  0x000000001cb0c800 JavaThread "jar transforms Thread 254" [_thread_blocked, id=37480, stack(0x0000000025a40000,0x0000000025b40000)]
  0x000000001cb0d000 JavaThread "jar transforms Thread 253" [_thread_blocked, id=31124, stack(0x0000000025940000,0x0000000025a40000)]
  0x000000001cb0b800 JavaThread "jar transforms Thread 252" [_thread_blocked, id=37776, stack(0x0000000025840000,0x0000000025940000)]
  0x000000001cb0b000 JavaThread "jar transforms Thread 251" [_thread_blocked, id=37060, stack(0x0000000025740000,0x0000000025840000)]
  0x000000001cb03800 JavaThread "jar transforms Thread 250" [_thread_blocked, id=5096, stack(0x0000000025640000,0x0000000025740000)]
  0x000000001cb0a000 JavaThread "jar transforms Thread 249" [_thread_blocked, id=15832, stack(0x0000000023d50000,0x0000000023e50000)]
  0x000000001cb09800 JavaThread "jar transforms Thread 248" [_thread_blocked, id=29884, stack(0x0000000023450000,0x0000000023550000)]
  0x000000001cb02000 JavaThread "jar transforms Thread 247" [_thread_blocked, id=34904, stack(0x0000000023350000,0x0000000023450000)]
  0x000000001cb08000 JavaThread "jar transforms Thread 246" [_thread_blocked, id=37648, stack(0x0000000023250000,0x0000000023350000)]
  0x000000001cb08800 JavaThread "jar transforms Thread 245" [_thread_blocked, id=34896, stack(0x0000000022f50000,0x0000000023050000)]
  0x000000001cb07000 JavaThread "jar transforms Thread 244" [_thread_blocked, id=6840, stack(0x0000000022e50000,0x0000000022f50000)]
  0x000000001caff800 JavaThread "jar transforms Thread 243" [_thread_blocked, id=14884, stack(0x0000000022d50000,0x0000000022e50000)]
  0x000000001cb05800 JavaThread "jar transforms Thread 242" [_thread_blocked, id=20176, stack(0x0000000022c50000,0x0000000022d50000)]
  0x00000000200a4800 JavaThread "jar transforms Thread 241" [_thread_blocked, id=22024, stack(0x0000000022b50000,0x0000000022c50000)]
  0x00000000200a3800 JavaThread "jar transforms Thread 240" [_thread_blocked, id=32032, stack(0x0000000022a50000,0x0000000022b50000)]
  0x00000000200a3000 JavaThread "jar transforms Thread 239" [_thread_blocked, id=32988, stack(0x0000000022950000,0x0000000022a50000)]
  0x00000000200a5000 JavaThread "jar transforms Thread 238" [_thread_blocked, id=26676, stack(0x0000000022850000,0x0000000022950000)]
  0x000000002009a800 JavaThread "jar transforms Thread 237" [_thread_blocked, id=38572, stack(0x0000000022750000,0x0000000022850000)]
  0x00000000200a1800 JavaThread "jar transforms Thread 236" [_thread_blocked, id=35204, stack(0x0000000022650000,0x0000000022750000)]
  0x000000002009a000 JavaThread "jar transforms Thread 235" [_thread_blocked, id=37632, stack(0x0000000022550000,0x0000000022650000)]
  0x0000000020099000 JavaThread "jar transforms Thread 234" [_thread_blocked, id=31424, stack(0x0000000022350000,0x0000000022450000)]
  0x0000000020097800 JavaThread "jar transforms Thread 233" [_thread_blocked, id=10512, stack(0x0000000022250000,0x0000000022350000)]
  0x000000002009e800 JavaThread "jar transforms Thread 232" [_thread_blocked, id=32896, stack(0x0000000022150000,0x0000000022250000)]
  0x0000000020097000 JavaThread "jar transforms Thread 231" [_thread_blocked, id=32400, stack(0x0000000022050000,0x0000000022150000)]
  0x0000000020098800 JavaThread "jar transforms Thread 230" [_thread_blocked, id=6976, stack(0x0000000021f50000,0x0000000022050000)]
  0x0000000020096000 JavaThread "jar transforms Thread 229" [_thread_blocked, id=35392, stack(0x0000000021e50000,0x0000000021f50000)]
  0x000000002009d000 JavaThread "jar transforms Thread 228" [_thread_blocked, id=38584, stack(0x0000000021d50000,0x0000000021e50000)]
  0x000000002009c000 JavaThread "jar transforms Thread 227" [_thread_blocked, id=26792, stack(0x0000000021c50000,0x0000000021d50000)]
  0x000000002009b800 JavaThread "Build operations Thread 8" [_thread_blocked, id=31648, stack(0x0000000021b50000,0x0000000021c50000)]
  0x0000000024ae6800 JavaThread "Build operations Thread 7" [_thread_blocked, id=35096, stack(0x0000000021a50000,0x0000000021b50000)]
  0x0000000024ae3800 JavaThread "Build operations Thread 6" [_thread_blocked, id=37468, stack(0x0000000021950000,0x0000000021a50000)]
  0x0000000024ae6000 JavaThread "Build operations Thread 5" [_thread_blocked, id=28792, stack(0x0000000021850000,0x0000000021950000)]
  0x0000000024ae3000 JavaThread "Build operations Thread 4" [_thread_blocked, id=32840, stack(0x0000000021750000,0x0000000021850000)]
  0x0000000024ae5000 JavaThread "Build operations Thread 3" [_thread_in_Java, id=1760, stack(0x0000000021650000,0x0000000021750000)]
  0x0000000024ae1800 JavaThread "Build operations Thread 2" [_thread_in_Java, id=27828, stack(0x0000000021550000,0x0000000021650000)]
  0x0000000024ae8000 JavaThread "Build operations" [_thread_blocked, id=34612, stack(0x000000001ebb0000,0x000000001ecb0000)]
  0x0000000024ae0800 JavaThread "Cache worker for cache directory md-rule (C:\Users\Sergey\.gradle\caches\6.5\md-rule)" [_thread_blocked, id=30976, stack(0x000000001eab0000,0x000000001ebb0000)]
  0x0000000024ae2000 JavaThread "Cache worker for cache directory md-supplier (C:\Users\Sergey\.gradle\caches\6.5\md-supplier)" [_thread_blocked, id=37456, stack(0x000000001e9b0000,0x000000001eab0000)]
  0x0000000024ae7800 JavaThread "Cache worker for checksums cache (C:\Users\Sergey\AndroidStudioProjects\baracuda\.gradle\checksums)" [_thread_blocked, id=37384, stack(0x000000001e8b0000,0x000000001e9b0000)]
  0x0000000024ae4800 JavaThread "Cache worker for file hash cache (C:\Users\Sergey\AndroidStudioProjects\baracuda\.gradle\6.5\fileHashes)" [_thread_blocked, id=33212, stack(0x000000001e7b0000,0x000000001e8b0000)]
  0x0000000024ad9000 JavaThread "Thread-295" [_thread_blocked, id=33632, stack(0x000000001e6b0000,0x000000001e7b0000)]
  0x0000000024add000 JavaThread "Stdin handler" [_thread_blocked, id=20528, stack(0x000000001e5b0000,0x000000001e6b0000)]
  0x0000000024ae0000 JavaThread "Asynchronous log dispatcher for DefaultDaemonConnection: socket connection from /127.0.0.1:65488 to /127.0.0.1:49209" [_thread_blocked, id=24388, stack(0x000000001df60000,0x000000001e060000)]
  0x0000000024adf000 JavaThread "Daemon worker Thread 3" [_thread_blocked, id=38860, stack(0x000000001de60000,0x000000001df60000)]
  0x0000000024ad9800 JavaThread "Cancel handler" [_thread_blocked, id=35052, stack(0x0000000001550000,0x0000000001650000)]
  0x0000000024add800 JavaThread "Handler for socket connection from /127.0.0.1:65488 to /127.0.0.1:49209" [_thread_in_native, id=37676, stack(0x0000000001450000,0x0000000001550000)]
  0x0000000024adb000 JavaThread "Daemon Thread 3" [_thread_blocked, id=34868, stack(0x0000000001230000,0x0000000001330000)]
  0x00000000200a0000 JavaThread "Memory manager" [_thread_blocked, id=40672, stack(0x000000002d590000,0x000000002d690000)]
  0x000000001cb04000 JavaThread "Cache worker for file content cache (C:\Users\Sergey\.gradle\caches\6.5\fileContent)" [_thread_blocked, id=39552, stack(0x0000000023c50000,0x0000000023d50000)]
  0x000000001cb06800 JavaThread "Cache worker for execution history cache (C:\Users\Sergey\.gradle\caches\6.5\executionHistory)" [_thread_blocked, id=39736, stack(0x0000000023750000,0x0000000023850000)]
  0x000000001caf4000 JavaThread "Cache worker for file hash cache (C:\Users\Sergey\.gradle\caches\6.5\fileHashes)" [_thread_blocked, id=39456, stack(0x000000001f0b0000,0x000000001f1b0000)]
  0x000000001caf6800 JavaThread "File lock request listener" [_thread_in_native, id=18756, stack(0x000000001efb0000,0x000000001f0b0000)]
  0x000000001c8f7800 JavaThread "Cache worker for journal cache (C:\Users\Sergey\.gradle\caches\journal-1)" [_thread_blocked, id=20404, stack(0x000000001eeb0000,0x000000001efb0000)]
  0x000000001c96f800 JavaThread "Daemon periodic checks" [_thread_blocked, id=34000, stack(0x000000001e2b0000,0x000000001e3b0000)]
  0x000000001c929000 JavaThread "Incoming local TCP Connector on port 65488" [_thread_in_native, id=38048, stack(0x000000001e060000,0x000000001e160000)]
  0x000000001c536000 JavaThread "Daemon health stats" [_thread_blocked, id=32620, stack(0x000000001da20000,0x000000001db20000)]
  0x000000001a236800 JavaThread "Service Thread" daemon [_thread_blocked, id=27704, stack(0x000000001ae80000,0x000000001af80000)]
  0x000000001a1ba800 JavaThread "C1 CompilerThread3" daemon [_thread_blocked, id=24496, stack(0x000000001ad80000,0x000000001ae80000)]
  0x000000001a1b1800 JavaThread "C2 CompilerThread2" daemon [_thread_in_native, id=30508, stack(0x000000001ac80000,0x000000001ad80000)]
  0x000000001839a000 JavaThread "C2 CompilerThread1" daemon [_thread_in_native, id=32316, stack(0x000000001ab80000,0x000000001ac80000)]
=>0x000000001a1a6000 JavaThread "C2 CompilerThread0" daemon [_thread_in_native, id=32288, stack(0x000000001aa80000,0x000000001ab80000)]
  0x000000001a1a4800 JavaThread "Attach Listener" daemon [_thread_blocked, id=34976, stack(0x000000001a980000,0x000000001aa80000)]
  0x000000001a1a3800 JavaThread "Signal Dispatcher" daemon [_thread_blocked, id=36928, stack(0x000000001a880000,0x000000001a980000)]
  0x000000000331d800 JavaThread "Finalizer" daemon [_thread_blocked, id=28484, stack(0x000000001a670000,0x000000001a770000)]
  0x000000001838c800 JavaThread "Reference Handler" daemon [_thread_blocked, id=41016, stack(0x000000001a570000,0x000000001a670000)]
  0x000000000321d800 JavaThread "main" [_thread_blocked, id=21372, stack(0x0000000003030000,0x0000000003130000)]

Other Threads:
  0x0000000018387800 VMThread [stack: 0x000000001a070000,0x000000001a170000] [id=39136]
  0x000000001a237800 WatcherThread [stack: 0x000000001af80000,0x000000001b080000] [id=16680]

VM state:not at safepoint (normal execution)

VM Mutex/Monitor currently owned by a thread: None

heap address: 0x0000000080000000, size: 2048 MB, Compressed Oops mode: 32-bit
Narrow klass base: 0x0000000000000000, Narrow klass shift: 3
Compressed class space size: 1073741824 Address: 0x0000000100000000

Heap:
 PSYoungGen      total 542208K, used 197459K [0x00000000d5580000, 0x00000000fff80000, 0x0000000100000000)
  eden space 488960K, 38% used [0x00000000d5580000,0x00000000e0e8a198,0x00000000f3300000)
  from space 53248K, 14% used [0x00000000f3300000,0x00000000f3acac30,0x00000000f6700000)
  to   space 52224K, 0% used [0x00000000fcc80000,0x00000000fcc80000,0x00000000fff80000)
 ParOldGen       total 167424K, used 122317K [0x0000000080000000, 0x000000008a380000, 0x00000000d5580000)
  object space 167424K, 73% used [0x0000000080000000,0x00000000877736b0,0x000000008a380000)
 Metaspace       used 113690K, capacity 119865K, committed 120084K, reserved 1153024K
  class space    used 14963K, capacity 16142K, committed 16188K, reserved 1048576K

Card table byte_map: [0x00000000126e0000,0x0000000012af0000] byte_map_base: 0x00000000122e0000

Marking Bits: (ParMarkBitMap*) 0x000000005522f030
 Begin Bits: [0x00000000135a0000, 0x00000000155a0000)
 End Bits:   [0x00000000155a0000, 0x00000000175a0000)

Polling page: 0x0000000001690000

CodeCache: size=245760Kb used=58441Kb max_used=58470Kb free=187318Kb
 bounds [0x0000000003320000, 0x0000000006c80000, 0x0000000012320000]
 total_blobs=17644 nmethods=16686 adapters=868
 compilation: enabled

Compilation events (10 events):
Event: 1121.961 Thread 0x000000001a1ba800 20183       2       com.android.tools.r8.ir.conversion.N::a (41 bytes)
Event: 1121.961 Thread 0x000000001a1ba800 nmethod 20183 0x0000000006c5bb10 code [0x0000000006c5bca0, 0x0000000006c5bf18]
Event: 1121.961 Thread 0x000000001a1ba800 20184       2       com.android.tools.r8.s.b.k::<init> (7 bytes)
Event: 1121.962 Thread 0x000000001a1ba800 nmethod 20184 0x0000000006c5c050 code [0x0000000006c5c1c0, 0x0000000006c5c328]
Event: 1121.962 Thread 0x000000001a1ba800 20185       2       com.android.tools.r8.s.b.k::o (2 bytes)
Event: 1121.962 Thread 0x000000001a1ba800 nmethod 20185 0x0000000006c5c3d0 code [0x0000000006c5c520, 0x0000000006c5c670]
Event: 1121.962 Thread 0x000000001a1ba800 20186       2       com.android.tools.r8.s.b.k::a (49 bytes)
Event: 1121.963 Thread 0x000000001a1ba800 nmethod 20186 0x0000000006c5c710 code [0x0000000006c5c8c0, 0x0000000006c5cc08]
Event: 1121.963 Thread 0x000000001a1ba800 20187       2       com.android.tools.r8.code.E::<init> (7 bytes)
Event: 1121.963 Thread 0x000000001a1ba800 nmethod 20187 0x0000000006c5cf50 code [0x0000000006c5d0c0, 0x0000000006c5d228]

GC Heap History (10 events):
Event: 1113.485 GC heap before
{Heap before GC invocations=24 (full 4):
 PSYoungGen      total 375296K, used 363876K [0x00000000d5580000, 0x00000000f2400000, 0x0000000100000000)
  eden space 346624K, 100% used [0x00000000d5580000,0x00000000ea800000,0x00000000ea800000)
  from space 28672K, 60% used [0x00000000ea800000,0x00000000eb8d9150,0x00000000ec400000)
  to   space 29184K, 0% used [0x00000000f0780000,0x00000000f0780000,0x00000000f2400000)
 ParOldGen       total 167424K, used 65207K [0x0000000080000000, 0x000000008a380000, 0x00000000d5580000)
  object space 167424K, 38% used [0x0000000080000000,0x0000000083fadf38,0x000000008a380000)
 Metaspace       used 104459K, capacity 109667K, committed 109844K, reserved 1144832K
  class space    used 13772K, capacity 14837K, committed 14908K, reserved 1048576K
Event: 1113.563 GC heap after
Heap after GC invocations=24 (full 4):
 PSYoungGen      total 432128K, used 29164K [0x00000000d5580000, 0x00000000f3e80000, 0x0000000100000000)
  eden space 402944K, 0% used [0x00000000d5580000,0x00000000d5580000,0x00000000edf00000)
  from space 29184K, 99% used [0x00000000f0780000,0x00000000f23fb388,0x00000000f2400000)
  to   space 41472K, 0% used [0x00000000edf00000,0x00000000edf00000,0x00000000f0780000)
 ParOldGen       total 167424K, used 85031K [0x0000000080000000, 0x000000008a380000, 0x00000000d5580000)
  object space 167424K, 50% used [0x0000000080000000,0x0000000085309f28,0x000000008a380000)
 Metaspace       used 104459K, capacity 109667K, committed 109844K, reserved 1144832K
  class space    used 13772K, capacity 14837K, committed 14908K, reserved 1048576K
}
Event: 1116.566 GC heap before
{Heap before GC invocations=25 (full 4):
 PSYoungGen      total 432128K, used 432108K [0x00000000d5580000, 0x00000000f3e80000, 0x0000000100000000)
  eden space 402944K, 100% used [0x00000000d5580000,0x00000000edf00000,0x00000000edf00000)
  from space 29184K, 99% used [0x00000000f0780000,0x00000000f23fb388,0x00000000f2400000)
  to   space 41472K, 0% used [0x00000000edf00000,0x00000000edf00000,0x00000000f0780000)
 ParOldGen       total 167424K, used 85033K [0x0000000080000000, 0x000000008a380000, 0x00000000d5580000)
  object space 167424K, 50% used [0x0000000080000000,0x000000008530a7a8,0x000000008a380000)
 Metaspace       used 112004K, capacity 118185K, committed 118292K, reserved 1150976K
  class space    used 14895K, capacity 16088K, committed 16188K, reserved 1048576K
Event: 1116.637 GC heap after
Heap after GC invocations=25 (full 4):
 PSYoungGen      total 444416K, used 41444K [0x00000000d5580000, 0x00000000fa000000, 0x0000000100000000)
  eden space 402944K, 0% used [0x00000000d5580000,0x00000000d5580000,0x00000000edf00000)
  from space 41472K, 99% used [0x00000000edf00000,0x00000000f07792c8,0x00000000f0780000)
  to   space 56832K, 0% used [0x00000000f6880000,0x00000000f6880000,0x00000000fa000000)
 ParOldGen       total 167424K, used 107685K [0x0000000080000000, 0x000000008a380000, 0x00000000d5580000)
  object space 167424K, 64% used [0x0000000080000000,0x0000000086929700,0x000000008a380000)
 Metaspace       used 112004K, capacity 118185K, committed 118292K, reserved 1150976K
  class space    used 14895K, capacity 16088K, committed 16188K, reserved 1048576K
}
Event: 1118.882 GC heap before
{Heap before GC invocations=26 (full 4):
 PSYoungGen      total 444416K, used 444388K [0x00000000d5580000, 0x00000000fa000000, 0x0000000100000000)
  eden space 402944K, 100% used [0x00000000d5580000,0x00000000edf00000,0x00000000edf00000)
  from space 41472K, 99% used [0x00000000edf00000,0x00000000f07792c8,0x00000000f0780000)
  to   space 56832K, 0% used [0x00000000f6880000,0x00000000f6880000,0x00000000fa000000)
 ParOldGen       total 167424K, used 107685K [0x0000000080000000, 0x000000008a380000, 0x00000000d5580000)
  object space 167424K, 64% used [0x0000000080000000,0x0000000086929700,0x000000008a380000)
 Metaspace       used 113272K, capacity 119511K, committed 119572K, reserved 1153024K
  class space    used 14975K, capacity 16177K, committed 16188K, reserved 1048576K
Event: 1118.940 GC heap after
Heap after GC invocations=26 (full 4):
 PSYoungGen      total 540672K, used 19313K [0x00000000d5580000, 0x00000000f9b00000, 0x0000000100000000)
  eden space 488960K, 0% used [0x00000000d5580000,0x00000000d5580000,0x00000000f3300000)
  from space 51712K, 37% used [0x00000000f6880000,0x00000000f7b5c780,0x00000000f9b00000)
  to   space 53248K, 0% used [0x00000000f3300000,0x00000000f3300000,0x00000000f6700000)
 ParOldGen       total 167424K, used 140217K [0x0000000080000000, 0x000000008a380000, 0x00000000d5580000)
  object space 167424K, 83% used [0x0000000080000000,0x00000000888ee798,0x000000008a380000)
 Metaspace       used 113272K, capacity 119511K, committed 119572K, reserved 1153024K
  class space    used 14975K, capacity 16177K, committed 16188K, reserved 1048576K
}
Event: 1118.940 GC heap before
{Heap before GC invocations=27 (full 5):
 PSYoungGen      total 540672K, used 19313K [0x00000000d5580000, 0x00000000f9b00000, 0x0000000100000000)
  eden space 488960K, 0% used [0x00000000d5580000,0x00000000d5580000,0x00000000f3300000)
  from space 51712K, 37% used [0x00000000f6880000,0x00000000f7b5c780,0x00000000f9b00000)
  to   space 53248K, 0% used [0x00000000f3300000,0x00000000f3300000,0x00000000f6700000)
 ParOldGen       total 167424K, used 140217K [0x0000000080000000, 0x000000008a380000, 0x00000000d5580000)
  object space 167424K, 83% used [0x0000000080000000,0x00000000888ee798,0x000000008a380000)
 Metaspace       used 113272K, capacity 119511K, committed 119572K, reserved 1153024K
  class space    used 14975K, capacity 16177K, committed 16188K, reserved 1048576K
Event: 1119.356 GC heap after
Heap after GC invocations=27 (full 5):
 PSYoungGen      total 540672K, used 0K [0x00000000d5580000, 0x00000000f9b00000, 0x0000000100000000)
  eden space 488960K, 0% used [0x00000000d5580000,0x00000000d5580000,0x00000000f3300000)
  from space 51712K, 0% used [0x00000000f6880000,0x00000000f6880000,0x00000000f9b00000)
  to   space 53248K, 0% used [0x00000000f3300000,0x00000000f3300000,0x00000000f6700000)
 ParOldGen       total 167424K, used 122309K [0x0000000080000000, 0x000000008a380000, 0x00000000d5580000)
  object space 167424K, 73% used [0x0000000080000000,0x00000000877716b0,0x000000008a380000)
 Metaspace       used 113199K, capacity 119303K, committed 119572K, reserved 1153024K
  class space    used 14950K, capacity 16133K, committed 16188K, reserved 1048576K
}
Event: 1121.276 GC heap before
{Heap before GC invocations=28 (full 5):
 PSYoungGen      total 540672K, used 488960K [0x00000000d5580000, 0x00000000f9b00000, 0x0000000100000000)
  eden space 488960K, 100% used [0x00000000d5580000,0x00000000f3300000,0x00000000f3300000)
  from space 51712K, 0% used [0x00000000f6880000,0x00000000f6880000,0x00000000f9b00000)
  to   space 53248K, 0% used [0x00000000f3300000,0x00000000f3300000,0x00000000f6700000)
 ParOldGen       total 167424K, used 122309K [0x0000000080000000, 0x000000008a380000, 0x00000000d5580000)
  object space 167424K, 73% used [0x0000000080000000,0x00000000877716b0,0x000000008a380000)
 Metaspace       used 113654K, capacity 119857K, committed 120084K, reserved 1153024K
  class space    used 14963K, capacity 16142K, committed 16188K, reserved 1048576K
Event: 1121.292 GC heap after
Heap after GC invocations=28 (full 5):
 PSYoungGen      total 542208K, used 7979K [0x00000000d5580000, 0x00000000fff80000, 0x0000000100000000)
  eden space 488960K, 0% used [0x00000000d5580000,0x00000000d5580000,0x00000000f3300000)
  from space 53248K, 14% used [0x00000000f3300000,0x00000000f3acac30,0x00000000f6700000)
  to   space 52224K, 0% used [0x00000000fcc80000,0x00000000fcc80000,0x00000000fff80000)
 ParOldGen       total 167424K, used 122317K [0x0000000080000000, 0x000000008a380000, 0x00000000d5580000)
  object space 167424K, 73% used [0x0000000080000000,0x00000000877736b0,0x000000008a380000)
 Metaspace       used 113654K, capacity 119857K, committed 120084K, reserved 1153024K
  class space    used 14963K, capacity 16142K, committed 16188K, reserved 1048576K
}

Deoptimization events (10 events):
Event: 1120.566 Thread 0x0000000024ae5000 Uncommon trap: reason=class_check action=maybe_recompile pc=0x0000000006961ad0 method=com.android.tools.r8.s.b.o.c(Lcom/android/tools/r8/s/b/o;)Z @ 29
Event: 1120.566 Thread 0x0000000024ae5000 Uncommon trap: reason=class_check action=maybe_recompile pc=0x0000000006961ad0 method=com.android.tools.r8.s.b.o.c(Lcom/android/tools/r8/s/b/o;)Z @ 29
Event: 1120.566 Thread 0x0000000024ae5000 Uncommon trap: reason=unstable_if action=reinterpret pc=0x00000000068bee20 method=com.android.tools.r8.t.a.a.a.f.X$e.contains(Ljava/lang/Object;)Z @ 71
Event: 1120.596 Thread 0x0000000024ae5000 Uncommon trap: reason=class_check action=maybe_recompile pc=0x0000000004bd5114 method=com.android.tools.r8.s.a.h.e.b(Lcom/android/tools/r8/s/b/k0;)V @ 244
Event: 1121.061 Thread 0x0000000024ae1800 Uncommon trap: reason=array_check action=maybe_recompile pc=0x000000000696d444 method=java.util.TimSort.binarySort([Ljava/lang/Object;IIILjava/util/Comparator;)V @ 193
Event: 1121.090 Thread 0x0000000024ae5000 Uncommon trap: reason=class_check action=maybe_recompile pc=0x0000000004bd5114 method=com.android.tools.r8.s.a.h.e.b(Lcom/android/tools/r8/s/b/k0;)V @ 244
Event: 1121.247 Thread 0x0000000024ae1800 Uncommon trap: reason=unstable_if action=reinterpret pc=0x0000000006b42f80 method=com.android.tools.r8.ir.optimize.K.a(Lcom/android/tools/r8/s/b/k0;)Z @ 171
Event: 1121.313 Thread 0x0000000024ae1800 Uncommon trap: reason=class_check action=maybe_recompile pc=0x000000000697d678 method=com.android.tools.r8.t.a.a.a.f.e.putAll(Ljava/util/Map;)V @ 3
Event: 1121.318 Thread 0x0000000024ae1800 Uncommon trap: reason=unstable_if action=reinterpret pc=0x0000000005f5ece0 method=com.android.tools.r8.ir.regalloc.h.a(ILcom/android/tools/r8/ir/regalloc/h$a;)Z @ 73
Event: 1121.936 Thread 0x0000000024ae5000 Uncommon trap: reason=unstable_if action=reinterpret pc=0x0000000006ba043c method=com.android.tools.r8.s.b.q1.a(Lcom/android/tools/r8/graph/f;Lcom/android/tools/r8/s/b/X;Ljava/util/function/Predicate;Ljava/util/Set;)Z @ 184

Classes redefined (0 events):
No events

Internal exceptions (10 events):
Event: 1115.189 Thread 0x0000000024904000 Exception <a 'sun/nio/fs/WindowsException'> (0x00000000e02cce00) thrown at [C:\src\AOSP-openjdk-git\hotspot\src\share\vm\prims\jni.cpp, line 710]
Event: 1115.194 Thread 0x0000000024904000 Exception <a 'sun/nio/fs/WindowsException'> (0x00000000e02d6ce8) thrown at [C:\src\AOSP-openjdk-git\hotspot\src\share\vm\prims\jni.cpp, line 710]
Event: 1115.200 Thread 0x0000000024904000 Exception <a 'sun/nio/fs/WindowsException'> (0x00000000e02e2480) thrown at [C:\src\AOSP-openjdk-git\hotspot\src\share\vm\prims\jni.cpp, line 710]
Event: 1115.931 Thread 0x000000002009b800 Exception <a 'sun/nio/fs/WindowsException'> (0x00000000e57f7f70) thrown at [C:\src\AOSP-openjdk-git\hotspot\src\share\vm\prims\jni.cpp, line 710]
Event: 1115.988 Thread 0x0000000024ae6800 Exception <a 'sun/nio/fs/WindowsException'> (0x00000000e6709bd0) thrown at [C:\src\AOSP-openjdk-git\hotspot\src\share\vm\prims\jni.cpp, line 710]
Event: 1116.378 Thread 0x0000000024ae5000 Exception <a 'sun/nio/fs/WindowsException'> (0x00000000eb12c940) thrown at [C:\src\AOSP-openjdk-git\hotspot\src\share\vm\prims\jni.cpp, line 710]
Event: 1116.414 Thread 0x0000000024ae1800 Exception <a 'sun/nio/fs/WindowsException'> (0x00000000eb8657e0) thrown at [C:\src\AOSP-openjdk-git\hotspot\src\share\vm\prims\jni.cpp, line 710]
Event: 1116.455 Thread 0x0000000024ae6800 Exception <a 'sun/nio/fs/WindowsException'> (0x00000000ebb144a8) thrown at [C:\src\AOSP-openjdk-git\hotspot\src\share\vm\prims\jni.cpp, line 710]
Event: 1118.198 Thread 0x000000002009b800 Implicit null exception at 0x000000000344fdcf to 0x000000000344ff39
Event: 1118.320 Thread 0x000000002009b800 Exception <a 'sun/nio/fs/WindowsException'> (0x00000000e84d11d8) thrown at [C:\src\AOSP-openjdk-git\hotspot\src\share\vm\prims\jni.cpp, line 710]

Events (10 events):
Event: 1121.540 Thread 0x0000000024ae5000 DEOPT UNPACKING pc=0x00000000033671d0 sp=0x0000000021749c20 mode 0
Event: 1121.653 Thread 0x0000000024ae1800 DEOPT PACKING pc=0x00000000064a647a sp=0x0000000021649bc0
Event: 1121.653 Thread 0x0000000024ae1800 DEOPT UNPACKING pc=0x00000000033671d0 sp=0x0000000021649c10 mode 0
Event: 1121.797 Thread 0x0000000024ae1800 DEOPT PACKING pc=0x00000000061c68a7 sp=0x000000002164a290
Event: 1121.797 Thread 0x0000000024ae1800 DEOPT UNPACKING pc=0x00000000033671d0 sp=0x0000000021649fb0 mode 0
Event: 1121.936 Thread 0x0000000024ae5000 Uncommon trap: trap_request=0xffffff65 fr.pc=0x0000000006ba043c
Event: 1121.936 Thread 0x0000000024ae5000 DEOPT PACKING pc=0x0000000006ba043c sp=0x000000002174a080
Event: 1121.936 Thread 0x0000000024ae5000 DEOPT UNPACKING pc=0x000000000336557b sp=0x0000000021749f40 mode 2
Event: 1121.957 Thread 0x0000000024ae5000 DEOPT PACKING pc=0x00000000064a647a sp=0x00000000217498b0
Event: 1121.957 Thread 0x0000000024ae5000 DEOPT UNPACKING pc=0x00000000033671d0 sp=0x0000000021749900 mode 0


Dynamic libraries:
0x00007ff7ae130000 - 0x00007ff7ae161000 	C:\Program Files\Android\Android Studio\jre\bin\java.exe
0x00007fff902f0000 - 0x00007fff904e4000 	C:\Windows\SYSTEM32\ntdll.dll
0x00007fff8e930000 - 0x00007fff8e9ed000 	C:\Windows\System32\KERNEL32.DLL
0x00007fff8dc20000 - 0x00007fff8dee7000 	C:\Windows\System32\KERNELBASE.dll
0x00007fff90140000 - 0x00007fff901ea000 	C:\Windows\System32\ADVAPI32.dll
0x00007fff901f0000 - 0x00007fff9028e000 	C:\Windows\System32\msvcrt.dll
0x00007fff8eb90000 - 0x00007fff8ec2b000 	C:\Windows\System32\sechost.dll
0x00007fff8e650000 - 0x00007fff8e773000 	C:\Windows\System32\RPCRT4.dll
0x00007fff8e9f0000 - 0x00007fff8eb90000 	C:\Windows\System32\USER32.dll
0x00007fff8da80000 - 0x00007fff8daa2000 	C:\Windows\System32\win32u.dll
0x00007fff8f8e0000 - 0x00007fff8f90a000 	C:\Windows\System32\GDI32.dll
0x00007fff8db10000 - 0x00007fff8dc1a000 	C:\Windows\System32\gdi32full.dll
0x00007fff8e300000 - 0x00007fff8e39d000 	C:\Windows\System32\msvcp_win.dll
0x00007fff8e180000 - 0x00007fff8e280000 	C:\Windows\System32\ucrtbase.dll
0x00007fff79a50000 - 0x00007fff79cea000 	C:\Windows\WinSxS\amd64_microsoft.windows.common-controls_6595b64144ccf1df_6.0.19041.1_none_b555e41d4684ddec\COMCTL32.dll
0x00007fff8ff90000 - 0x00007fff8ffc0000 	C:\Windows\System32\IMM32.DLL
0x00000000547e0000 - 0x00000000548b2000 	C:\Program Files\Android\Android Studio\jre\jre\bin\msvcr100.dll
0x0000000054a60000 - 0x00000000552ab000 	C:\Program Files\Android\Android Studio\jre\jre\bin\server\jvm.dll
0x00007fff8faf0000 - 0x00007fff8faf8000 	C:\Windows\System32\PSAPI.DLL
0x00007fff7b9a0000 - 0x00007fff7b9a9000 	C:\Windows\SYSTEM32\WSOCK32.dll
0x00007fff8d550000 - 0x00007fff8d55a000 	C:\Windows\SYSTEM32\VERSION.dll
0x00007fff82320000 - 0x00007fff82347000 	C:\Windows\SYSTEM32\WINMM.dll
0x00007fff8fe70000 - 0x00007fff8fedb000 	C:\Windows\System32\WS2_32.dll
0x00007fff78f60000 - 0x00007fff78f6f000 	C:\Program Files\Android\Android Studio\jre\jre\bin\verify.dll
0x00007fff74bf0000 - 0x00007fff74c19000 	C:\Program Files\Android\Android Studio\jre\jre\bin\java.dll
0x00007fff78010000 - 0x00007fff78026000 	C:\Program Files\Android\Android Studio\jre\jre\bin\zip.dll
0x00007fff8ed20000 - 0x00007fff8f454000 	C:\Windows\System32\SHELL32.dll
0x00007fff8b870000 - 0x00007fff8bffe000 	C:\Windows\SYSTEM32\windows.storage.dll
0x00007fff8fb10000 - 0x00007fff8fe63000 	C:\Windows\System32\combase.dll
0x00007fff8d3c0000 - 0x00007fff8d3eb000 	C:\Windows\SYSTEM32\Wldp.dll
0x00007fff8f970000 - 0x00007fff8fa1e000 	C:\Windows\System32\SHCORE.dll
0x00007fff90290000 - 0x00007fff902e5000 	C:\Windows\System32\shlwapi.dll
0x00007fff8d9c0000 - 0x00007fff8d9df000 	C:\Windows\SYSTEM32\profapi.dll
0x00007fff74c60000 - 0x00007fff74c7a000 	C:\Program Files\Android\Android Studio\jre\jre\bin\net.dll
0x00007fff8d140000 - 0x00007fff8d1aa000 	C:\Windows\system32\mswsock.dll
0x00007fff740e0000 - 0x00007fff740f3000 	C:\Program Files\Android\Android Studio\jre\jre\bin\nio.dll
0x00007fff78e90000 - 0x00007fff78eb7000 	C:\Users\Sergey\.gradle\native\f6784746aeab05261644944871eae4fe03e0ef1612fff0a4a95f87b438bc6780\windows-amd64\native-platform.dll
0x00007fff78e60000 - 0x00007fff78e6d000 	C:\Program Files\Android\Android Studio\jre\jre\bin\management.dll
0x00007fff8d310000 - 0x00007fff8d328000 	C:\Windows\SYSTEM32\CRYPTSP.dll
0x00007fff8cad0000 - 0x00007fff8cb04000 	C:\Windows\system32\rsaenh.dll
0x00007fff8e2d0000 - 0x00007fff8e2f7000 	C:\Windows\System32\bcrypt.dll
0x00007fff8d940000 - 0x00007fff8d96e000 	C:\Windows\SYSTEM32\USERENV.dll
0x00007fff8def0000 - 0x00007fff8df6f000 	C:\Windows\System32\bcryptprimitives.dll
0x00007fff8d330000 - 0x00007fff8d33c000 	C:\Windows\SYSTEM32\CRYPTBASE.dll
0x00007fff8ce30000 - 0x00007fff8ce6b000 	C:\Windows\SYSTEM32\IPHLPAPI.DLL
0x00007fff8fb00000 - 0x00007fff8fb09000 	C:\Windows\System32\NSI.dll
0x00007fff8c020000 - 0x00007fff8c037000 	C:\Windows\SYSTEM32\dhcpcsvc6.DLL
0x00007fff8c000000 - 0x00007fff8c01d000 	C:\Windows\SYSTEM32\dhcpcsvc.DLL
0x00007fff8ce70000 - 0x00007fff8cf3a000 	C:\Windows\SYSTEM32\DNSAPI.dll
0x00007fff85770000 - 0x00007fff8577b000 	C:\Windows\SYSTEM32\WINNSI.DLL
0x00007fff71e40000 - 0x00007fff71e64000 	C:\Program Files\Android\Android Studio\jre\jre\bin\sunec.dll
0x00007fff85480000 - 0x00007fff8548a000 	C:\Windows\System32\rasadhlp.dll
0x00007fff7de80000 - 0x00007fff7deff000 	C:\Windows\System32\fwpuclnt.dll
0x00007fff75e60000 - 0x00007fff75e6b000 	C:\Program Files\Android\Android Studio\jre\jre\bin\sunmscapi.dll
0x00007fff8df70000 - 0x00007fff8e0cd000 	C:\Windows\System32\CRYPT32.dll
0x00007fff8c7c0000 - 0x00007fff8c7f3000 	C:\Windows\SYSTEM32\ntmarta.dll

VM Arguments:
jvm_args: -Xmx2048m -Dfile.encoding=UTF-8 -Duser.country=RU -Duser.language=ru -Duser.variant 
java_command: org.gradle.launcher.daemon.bootstrap.GradleDaemon 6.5
java_class_path (initial): C:\Users\Sergey\.gradle\wrapper\dists\gradle-6.5-bin\6nifqtx7604sqp1q6g8wikw7p\gradle-6.5\lib\gradle-launcher-6.5.jar
Launcher Type: SUN_STANDARD

Environment Variables:
JAVA_HOME=C:\Program Files (x86)\Java\jre1.8.0_261
PATH=C:\Program Files (x86)\Common Files\Oracle\Java\javapath;C:\Windows\system32;C:\Windows;C:\Windows\System32\Wbem;C:\Windows\System32\WindowsPowerShell\v1.0\;C:\Program Files\Git\cmd;C:\Users\Sergey\AppData\Local\Microsoft\WindowsApps;
USERNAME=Sergey
OS=Windows_NT
PROCESSOR_IDENTIFIER=AMD64 Family 23 Model 17 Stepping 0, AuthenticAMD



---------------  S Y S T E M  ---------------

OS: Windows 10.0 , 64 bit Build 19041 (10.0.19041.292)

CPU:total 8 (initial active 8) (8 cores per cpu, 1 threads per core) family 23 model 17 stepping 0, cmov, cx8, fxsr, mmx, sse, sse2, sse3, ssse3, sse4.1, sse4.2, popcnt, avx, avx2, aes, clmul, mmxext, 3dnowpref, lzcnt, sse4a, tsc, tscinvbit, tscinv, bmi1

Memory: 4k page, physical 8031504k(440204k free), swap 10128656k(5852k free)

vm_info: OpenJDK 64-Bit Server VM (25.242-b01) for windows-amd64 JRE (1.8.0_242-release-1644-b01), built by "builder" with MS VC++ 10.0 (VS2010)

time: Wed Feb 24 12:54:45 2021
timezone: ќмское стандартное врем€
elapsed time: 1122 seconds (0d 0h 18m 42s)

